<html xmlns:math="http://exslt.org/math" xmlns:testng="http://testng.org">
   <head>
      <title>TestNG Results</title>
      <meta http-equiv="content-type" content="text/html; charset=utf-8"></meta>
      <meta http-equiv="pragma" content="no-cache"></meta>
      <meta http-equiv="cache-control" content="max-age=0"></meta>
      <meta http-equiv="cache-control" content="no-cache"></meta>
      <meta http-equiv="cache-control" content="no-store"></meta>
      <LINK rel="stylesheet" href="style.css"></LINK>
      <script type="text/javascript" src="main.js"></script>
   </head>
   <body>
      <table width="100%" style="font-size: 16px; margin-bottom: 10px;" cellspacing="1">
         <tr>
            <td width="100%">
               Test case
               
               <b>Test16</b>
            </td>
            <td style="background-color: #FFBBBB; padding: 3px 3px 3px 0;" align="center">
               <div style="width: 50px;">10</div>
            </td>
            <td style="background-color: lightgreen; padding: 3px 3px 3px 0;" align="center">
               <div style="width: 50px;">1</div>
            </td>
            <td style="background-color: #FFFFBB; padding: 3px 3px 3px 0;" align="center">
               <div style="width: 50px;">1</div>
            </td>
            <td align="center" style="background-color: #eaf0f7; padding: 3px 3px 3px 0;">
               <div style="width: 50px;">12</div>
            </td>
            <td align="center"
                style="font-weight: bold; background-color: #eaf0f7; padding: 3px 3px 3px 0;">
               <div style="width: 50px;">8%</div>
            </td>
            <td style="background-color: #eaf0f7; padding: 3px 3px 3px 0;" align="center"
                nowrap="true">16 ms
               
            </td>
         </tr>
      </table>
      <div style="width: 200px;">
         <label for="groupMethodsCheckBox" style="font-weight: bold; margin: 0;">
            <input id="groupMethodsCheckBox" type="checkbox" onclick="switchTestMethodsView(this)"></input>
            Group by class
            
         </label>
         <br></br>
         <label for="methodsFilter_ALL" style="font-weight: bold; margin: 0;">
            <input id="methodsFilter_ALL" type="checkbox"
                   onclick="testMethodsFilterChanged(this, 'ALL')"></input>
            All
            
         </label>
      </div>
      <label for="methodsFilter_FAIL" style="margin-left: 20px;">
         <input id="methodsFilter_FAIL" type="checkbox"
                onclick="testMethodsFilterChanged(this, 'FAIL')"
                checked=""></input>
         Failed
         
      </label>
      <label for="methodsFilter_PASS">
         <input id="methodsFilter_PASS" type="checkbox"
                onclick="testMethodsFilterChanged(this, 'PASS')"
                checked=""></input>
         Passed
         
      </label>
      <label for="methodsFilter_SKIP">
         <input id="methodsFilter_SKIP" type="checkbox"
                onclick="testMethodsFilterChanged(this, 'SKIP')"
                checked=""></input>
         Skipped
         
      </label>
      <label for="methodsFilter_CONF">
         <input id="methodsFilter_CONF" type="checkbox"
                onclick="testMethodsFilterChanged(this, 'CONF')"></input>
         Config
         
      </label>
      <br></br>
      <div id="testMethodsByStatus">
         <table class="testMethodsTable" cellpadding="0" cellspacing="0">
            <tr class="methodsTableHeader">
               <td width="100%">Name</td>
               <td nowrap="true">Started</td>
               <td nowrap="true">Duration</td>
               <td>Exception</td>
            </tr>
            <tr id="com.testng3.TestReporter_passedTest_byStatus_failed_FAIL1_row"
                class="testMethodStatusFAIL">
               <td width="100%" class="firstMethodCell">
                  <a onclick="toggleDetailsVisibility('com.testng3.TestReporter_passedTest_byStatus_failed_FAIL1_details')">passedTest()</a>
               </td>
               <td nowrap="true">02:11:38</td>
               <td nowrap="true" align="right">16 ms
                  
               </td>
               <td nowrap="true">
                  <a onclick="toggleDetailsVisibility('com.testng3.TestReporter_passedTest_byStatus_failed_FAIL1_exception')">junit.framework.ComparisonFailure: 
                     expected:&lt;Hi[]&gt; but was:&lt;Hi[i]&gt;
                     
                  </a>
                   
                  
               </td>
            </tr>
            <tr>
               <td colspan="4" class="detailsBox">
                  <div id="com.testng3.TestReporter_passedTest_byStatus_failed_FAIL1_details"
                       class="testMethodDetails">
                     <div>
                        <b>Name: </b>passedTest
                     </div>
                     <div>
                        <b>Signature: </b>passedTest()
                     </div>
                     <div>
                        <b>Start time: </b>02:11:38
                     </div>
                     <div>
                        <b>End time: </b>02:11:38
                     </div>
                     <div>
                        <b>Duration: </b>16 ms
                        
                     </div>
                  </div>
               </td>
            </tr>
            <tr>
               <td colspan="4" class="detailsBox">
                  <div id="com.testng3.TestReporter_passedTest_byStatus_failed_FAIL1_exception"
                       class="testMethodDetails">
                     <pre style="padding: 5px; margin: 0;">junit.framework.ComparisonFailure: expected:&lt;Hi[]&gt; but was:&lt;Hi[i]&gt;
                        	at junit.framework.Assert.assertEquals(Assert.java:85)
                        	at junit.framework.Assert.assertEquals(Assert.java:91)
                        	at com.testng3.TestReporter.passedTest(TestReporter.java:14)
                        	at sun.reflect.NativeMethodAccessorImpl.invoke0(Native Method)
                        	at sun.reflect.NativeMethodAccessorImpl.invoke(NativeMethodAccessorImpl.java:57)
                        	at sun.reflect.DelegatingMethodAccessorImpl.invoke(DelegatingMethodAccessorImpl.java:43)
                        	at java.lang.reflect.Method.invoke(Method.java:601)
                        	at org.testng.internal.MethodInvocationHelper.invokeMethod(MethodInvocationHelper.java:76)
                        	at org.testng.internal.Invoker.invokeMethod(Invoker.java:673)
                        	at org.testng.internal.Invoker.invokeTestMethod(Invoker.java:846)
                        	at org.testng.internal.Invoker.invokeTestMethods(Invoker.java:1170)
                        	at org.testng.internal.TestMethodWorker.invokeTestMethods(TestMethodWorker.java:125)
                        	at org.testng.internal.TestMethodWorker.run(TestMethodWorker.java:109)
                        	at org.testng.TestRunner.runWorkers(TestRunner.java:1147)
                        	at org.testng.TestRunner.privateRun(TestRunner.java:749)
                        	at org.testng.TestRunner.run(TestRunner.java:600)
                        	at org.testng.SuiteRunner.runTest(SuiteRunner.java:317)
                        	at org.testng.SuiteRunner.runSequentially(SuiteRunner.java:312)
                        	at org.testng.SuiteRunner.privateRun(SuiteRunner.java:274)
                        	at org.testng.SuiteRunner.run(SuiteRunner.java:223)
                        	at org.testng.SuiteRunnerWorker.runSuite(SuiteRunnerWorker.java:52)
                        	at org.testng.SuiteRunnerWorker.run(SuiteRunnerWorker.java:86)
                        	at org.testng.TestNG.runSuitesSequentially(TestNG.java:1039)
                        	at org.testng.TestNG.runSuitesLocally(TestNG.java:964)
                        	at org.testng.TestNG.run(TestNG.java:900)
                        	at org.testng.TestNG.privateMain(TestNG.java:1182)
                        	at org.testng.TestNG.main(TestNG.java:1146)
                     </pre>
                  </div>
               </td>
            </tr>
            <tr id="com.testng3.TestReporter_passedTest_byStatus_failed_FAIL2_row"
                class="testMethodStatusFAIL">
               <td width="100%" class="firstMethodCell">
                  <a onclick="toggleDetailsVisibility('com.testng3.TestReporter_passedTest_byStatus_failed_FAIL2_details')">passedTest()</a>
               </td>
               <td nowrap="true">02:11:38</td>
               <td nowrap="true" align="right">0 ms
                  
               </td>
               <td nowrap="true">
                  <a onclick="toggleDetailsVisibility('com.testng3.TestReporter_passedTest_byStatus_failed_FAIL2_exception')">junit.framework.ComparisonFailure: 
                     expected:&lt;Hi[]&gt; but was:&lt;Hi[i]&gt;
                     
                  </a>
                   
                  
               </td>
            </tr>
            <tr>
               <td colspan="4" class="detailsBox">
                  <div id="com.testng3.TestReporter_passedTest_byStatus_failed_FAIL2_details"
                       class="testMethodDetails">
                     <div>
                        <b>Name: </b>passedTest
                     </div>
                     <div>
                        <b>Signature: </b>passedTest()
                     </div>
                     <div>
                        <b>Start time: </b>02:11:38
                     </div>
                     <div>
                        <b>End time: </b>02:11:38
                     </div>
                     <div>
                        <b>Duration: </b>0 ms
                        
                     </div>
                  </div>
               </td>
            </tr>
            <tr>
               <td colspan="4" class="detailsBox">
                  <div id="com.testng3.TestReporter_passedTest_byStatus_failed_FAIL2_exception"
                       class="testMethodDetails">
                     <pre style="padding: 5px; margin: 0;">junit.framework.ComparisonFailure: expected:&lt;Hi[]&gt; but was:&lt;Hi[i]&gt;
                        	at junit.framework.Assert.assertEquals(Assert.java:85)
                        	at junit.framework.Assert.assertEquals(Assert.java:91)
                        	at com.testng3.TestReporter.passedTest(TestReporter.java:14)
                        	at sun.reflect.NativeMethodAccessorImpl.invoke0(Native Method)
                        	at sun.reflect.NativeMethodAccessorImpl.invoke(NativeMethodAccessorImpl.java:57)
                        	at sun.reflect.DelegatingMethodAccessorImpl.invoke(DelegatingMethodAccessorImpl.java:43)
                        	at java.lang.reflect.Method.invoke(Method.java:601)
                        	at org.testng.internal.MethodInvocationHelper.invokeMethod(MethodInvocationHelper.java:76)
                        	at org.testng.internal.Invoker.invokeMethod(Invoker.java:673)
                        	at org.testng.internal.Invoker.invokeTestMethod(Invoker.java:846)
                        	at org.testng.internal.Invoker.invokeTestMethods(Invoker.java:1170)
                        	at org.testng.internal.TestMethodWorker.invokeTestMethods(TestMethodWorker.java:125)
                        	at org.testng.internal.TestMethodWorker.run(TestMethodWorker.java:109)
                        	at org.testng.TestRunner.runWorkers(TestRunner.java:1147)
                        	at org.testng.TestRunner.privateRun(TestRunner.java:749)
                        	at org.testng.TestRunner.run(TestRunner.java:600)
                        	at org.testng.SuiteRunner.runTest(SuiteRunner.java:317)
                        	at org.testng.SuiteRunner.runSequentially(SuiteRunner.java:312)
                        	at org.testng.SuiteRunner.privateRun(SuiteRunner.java:274)
                        	at org.testng.SuiteRunner.run(SuiteRunner.java:223)
                        	at org.testng.SuiteRunnerWorker.runSuite(SuiteRunnerWorker.java:52)
                        	at org.testng.SuiteRunnerWorker.run(SuiteRunnerWorker.java:86)
                        	at org.testng.TestNG.runSuitesSequentially(TestNG.java:1039)
                        	at org.testng.TestNG.runSuitesLocally(TestNG.java:964)
                        	at org.testng.TestNG.run(TestNG.java:900)
                        	at org.testng.TestNG.privateMain(TestNG.java:1182)
                        	at org.testng.TestNG.main(TestNG.java:1146)
                     </pre>
                  </div>
               </td>
            </tr>
            <tr id="com.testng3.TestReporter_passedTest_byStatus_failed_FAIL3_row"
                class="testMethodStatusFAIL">
               <td width="100%" class="firstMethodCell">
                  <a onclick="toggleDetailsVisibility('com.testng3.TestReporter_passedTest_byStatus_failed_FAIL3_details')">passedTest()</a>
               </td>
               <td nowrap="true">02:11:38</td>
               <td nowrap="true" align="right">0 ms
                  
               </td>
               <td nowrap="true">
                  <a onclick="toggleDetailsVisibility('com.testng3.TestReporter_passedTest_byStatus_failed_FAIL3_exception')">junit.framework.ComparisonFailure: 
                     expected:&lt;Hi[]&gt; but was:&lt;Hi[i]&gt;
                     
                  </a>
                   
                  
               </td>
            </tr>
            <tr>
               <td colspan="4" class="detailsBox">
                  <div id="com.testng3.TestReporter_passedTest_byStatus_failed_FAIL3_details"
                       class="testMethodDetails">
                     <div>
                        <b>Name: </b>passedTest
                     </div>
                     <div>
                        <b>Signature: </b>passedTest()
                     </div>
                     <div>
                        <b>Start time: </b>02:11:38
                     </div>
                     <div>
                        <b>End time: </b>02:11:38
                     </div>
                     <div>
                        <b>Duration: </b>0 ms
                        
                     </div>
                  </div>
               </td>
            </tr>
            <tr>
               <td colspan="4" class="detailsBox">
                  <div id="com.testng3.TestReporter_passedTest_byStatus_failed_FAIL3_exception"
                       class="testMethodDetails">
                     <pre style="padding: 5px; margin: 0;">junit.framework.ComparisonFailure: expected:&lt;Hi[]&gt; but was:&lt;Hi[i]&gt;
                        	at junit.framework.Assert.assertEquals(Assert.java:85)
                        	at junit.framework.Assert.assertEquals(Assert.java:91)
                        	at com.testng3.TestReporter.passedTest(TestReporter.java:14)
                        	at sun.reflect.NativeMethodAccessorImpl.invoke0(Native Method)
                        	at sun.reflect.NativeMethodAccessorImpl.invoke(NativeMethodAccessorImpl.java:57)
                        	at sun.reflect.DelegatingMethodAccessorImpl.invoke(DelegatingMethodAccessorImpl.java:43)
                        	at java.lang.reflect.Method.invoke(Method.java:601)
                        	at org.testng.internal.MethodInvocationHelper.invokeMethod(MethodInvocationHelper.java:76)
                        	at org.testng.internal.Invoker.invokeMethod(Invoker.java:673)
                        	at org.testng.internal.Invoker.invokeTestMethod(Invoker.java:846)
                        	at org.testng.internal.Invoker.invokeTestMethods(Invoker.java:1170)
                        	at org.testng.internal.TestMethodWorker.invokeTestMethods(TestMethodWorker.java:125)
                        	at org.testng.internal.TestMethodWorker.run(TestMethodWorker.java:109)
                        	at org.testng.TestRunner.runWorkers(TestRunner.java:1147)
                        	at org.testng.TestRunner.privateRun(TestRunner.java:749)
                        	at org.testng.TestRunner.run(TestRunner.java:600)
                        	at org.testng.SuiteRunner.runTest(SuiteRunner.java:317)
                        	at org.testng.SuiteRunner.runSequentially(SuiteRunner.java:312)
                        	at org.testng.SuiteRunner.privateRun(SuiteRunner.java:274)
                        	at org.testng.SuiteRunner.run(SuiteRunner.java:223)
                        	at org.testng.SuiteRunnerWorker.runSuite(SuiteRunnerWorker.java:52)
                        	at org.testng.SuiteRunnerWorker.run(SuiteRunnerWorker.java:86)
                        	at org.testng.TestNG.runSuitesSequentially(TestNG.java:1039)
                        	at org.testng.TestNG.runSuitesLocally(TestNG.java:964)
                        	at org.testng.TestNG.run(TestNG.java:900)
                        	at org.testng.TestNG.privateMain(TestNG.java:1182)
                        	at org.testng.TestNG.main(TestNG.java:1146)
                     </pre>
                  </div>
               </td>
            </tr>
            <tr id="com.testng3.TestReporter_passedTest_byStatus_failed_FAIL4_row"
                class="testMethodStatusFAIL">
               <td width="100%" class="firstMethodCell">
                  <a onclick="toggleDetailsVisibility('com.testng3.TestReporter_passedTest_byStatus_failed_FAIL4_details')">passedTest()</a>
               </td>
               <td nowrap="true">02:11:38</td>
               <td nowrap="true" align="right">0 ms
                  
               </td>
               <td nowrap="true">
                  <a onclick="toggleDetailsVisibility('com.testng3.TestReporter_passedTest_byStatus_failed_FAIL4_exception')">junit.framework.ComparisonFailure: 
                     expected:&lt;Hi[]&gt; but was:&lt;Hi[i]&gt;
                     
                  </a>
                   
                  
               </td>
            </tr>
            <tr>
               <td colspan="4" class="detailsBox">
                  <div id="com.testng3.TestReporter_passedTest_byStatus_failed_FAIL4_details"
                       class="testMethodDetails">
                     <div>
                        <b>Name: </b>passedTest
                     </div>
                     <div>
                        <b>Signature: </b>passedTest()
                     </div>
                     <div>
                        <b>Start time: </b>02:11:38
                     </div>
                     <div>
                        <b>End time: </b>02:11:38
                     </div>
                     <div>
                        <b>Duration: </b>0 ms
                        
                     </div>
                  </div>
               </td>
            </tr>
            <tr>
               <td colspan="4" class="detailsBox">
                  <div id="com.testng3.TestReporter_passedTest_byStatus_failed_FAIL4_exception"
                       class="testMethodDetails">
                     <pre style="padding: 5px; margin: 0;">junit.framework.ComparisonFailure: expected:&lt;Hi[]&gt; but was:&lt;Hi[i]&gt;
                        	at junit.framework.Assert.assertEquals(Assert.java:85)
                        	at junit.framework.Assert.assertEquals(Assert.java:91)
                        	at com.testng3.TestReporter.passedTest(TestReporter.java:14)
                        	at sun.reflect.NativeMethodAccessorImpl.invoke0(Native Method)
                        	at sun.reflect.NativeMethodAccessorImpl.invoke(NativeMethodAccessorImpl.java:57)
                        	at sun.reflect.DelegatingMethodAccessorImpl.invoke(DelegatingMethodAccessorImpl.java:43)
                        	at java.lang.reflect.Method.invoke(Method.java:601)
                        	at org.testng.internal.MethodInvocationHelper.invokeMethod(MethodInvocationHelper.java:76)
                        	at org.testng.internal.Invoker.invokeMethod(Invoker.java:673)
                        	at org.testng.internal.Invoker.invokeTestMethod(Invoker.java:846)
                        	at org.testng.internal.Invoker.invokeTestMethods(Invoker.java:1170)
                        	at org.testng.internal.TestMethodWorker.invokeTestMethods(TestMethodWorker.java:125)
                        	at org.testng.internal.TestMethodWorker.run(TestMethodWorker.java:109)
                        	at org.testng.TestRunner.runWorkers(TestRunner.java:1147)
                        	at org.testng.TestRunner.privateRun(TestRunner.java:749)
                        	at org.testng.TestRunner.run(TestRunner.java:600)
                        	at org.testng.SuiteRunner.runTest(SuiteRunner.java:317)
                        	at org.testng.SuiteRunner.runSequentially(SuiteRunner.java:312)
                        	at org.testng.SuiteRunner.privateRun(SuiteRunner.java:274)
                        	at org.testng.SuiteRunner.run(SuiteRunner.java:223)
                        	at org.testng.SuiteRunnerWorker.runSuite(SuiteRunnerWorker.java:52)
                        	at org.testng.SuiteRunnerWorker.run(SuiteRunnerWorker.java:86)
                        	at org.testng.TestNG.runSuitesSequentially(TestNG.java:1039)
                        	at org.testng.TestNG.runSuitesLocally(TestNG.java:964)
                        	at org.testng.TestNG.run(TestNG.java:900)
                        	at org.testng.TestNG.privateMain(TestNG.java:1182)
                        	at org.testng.TestNG.main(TestNG.java:1146)
                     </pre>
                  </div>
               </td>
            </tr>
            <tr id="com.testng3.TestReporter_passedTest_byStatus_failed_FAIL5_row"
                class="testMethodStatusFAIL">
               <td width="100%" class="firstMethodCell">
                  <a onclick="toggleDetailsVisibility('com.testng3.TestReporter_passedTest_byStatus_failed_FAIL5_details')">passedTest()</a>
               </td>
               <td nowrap="true">02:11:38</td>
               <td nowrap="true" align="right">0 ms
                  
               </td>
               <td nowrap="true">
                  <a onclick="toggleDetailsVisibility('com.testng3.TestReporter_passedTest_byStatus_failed_FAIL5_exception')">junit.framework.ComparisonFailure: 
                     expected:&lt;Hi[]&gt; but was:&lt;Hi[i]&gt;
                     
                  </a>
                   
                  
               </td>
            </tr>
            <tr>
               <td colspan="4" class="detailsBox">
                  <div id="com.testng3.TestReporter_passedTest_byStatus_failed_FAIL5_details"
                       class="testMethodDetails">
                     <div>
                        <b>Name: </b>passedTest
                     </div>
                     <div>
                        <b>Signature: </b>passedTest()
                     </div>
                     <div>
                        <b>Start time: </b>02:11:38
                     </div>
                     <div>
                        <b>End time: </b>02:11:38
                     </div>
                     <div>
                        <b>Duration: </b>0 ms
                        
                     </div>
                  </div>
               </td>
            </tr>
            <tr>
               <td colspan="4" class="detailsBox">
                  <div id="com.testng3.TestReporter_passedTest_byStatus_failed_FAIL5_exception"
                       class="testMethodDetails">
                     <pre style="padding: 5px; margin: 0;">junit.framework.ComparisonFailure: expected:&lt;Hi[]&gt; but was:&lt;Hi[i]&gt;
                        	at junit.framework.Assert.assertEquals(Assert.java:85)
                        	at junit.framework.Assert.assertEquals(Assert.java:91)
                        	at com.testng3.TestReporter.passedTest(TestReporter.java:14)
                        	at sun.reflect.GeneratedMethodAccessor3.invoke(Unknown Source)
                        	at sun.reflect.DelegatingMethodAccessorImpl.invoke(DelegatingMethodAccessorImpl.java:43)
                        	at java.lang.reflect.Method.invoke(Method.java:601)
                        	at org.testng.internal.MethodInvocationHelper.invokeMethod(MethodInvocationHelper.java:76)
                        	at org.testng.internal.Invoker.invokeMethod(Invoker.java:673)
                        	at org.testng.internal.Invoker.invokeTestMethod(Invoker.java:846)
                        	at org.testng.internal.Invoker.invokeTestMethods(Invoker.java:1170)
                        	at org.testng.internal.TestMethodWorker.invokeTestMethods(TestMethodWorker.java:125)
                        	at org.testng.internal.TestMethodWorker.run(TestMethodWorker.java:109)
                        	at org.testng.TestRunner.runWorkers(TestRunner.java:1147)
                        	at org.testng.TestRunner.privateRun(TestRunner.java:749)
                        	at org.testng.TestRunner.run(TestRunner.java:600)
                        	at org.testng.SuiteRunner.runTest(SuiteRunner.java:317)
                        	at org.testng.SuiteRunner.runSequentially(SuiteRunner.java:312)
                        	at org.testng.SuiteRunner.privateRun(SuiteRunner.java:274)
                        	at org.testng.SuiteRunner.run(SuiteRunner.java:223)
                        	at org.testng.SuiteRunnerWorker.runSuite(SuiteRunnerWorker.java:52)
                        	at org.testng.SuiteRunnerWorker.run(SuiteRunnerWorker.java:86)
                        	at org.testng.TestNG.runSuitesSequentially(TestNG.java:1039)
                        	at org.testng.TestNG.runSuitesLocally(TestNG.java:964)
                        	at org.testng.TestNG.run(TestNG.java:900)
                        	at org.testng.TestNG.privateMain(TestNG.java:1182)
                        	at org.testng.TestNG.main(TestNG.java:1146)
                     </pre>
                  </div>
               </td>
            </tr>
            <tr id="com.testng3.TestReporter_passedTest_byStatus_failed_FAIL6_row"
                class="testMethodStatusFAIL">
               <td width="100%" class="firstMethodCell">
                  <a onclick="toggleDetailsVisibility('com.testng3.TestReporter_passedTest_byStatus_failed_FAIL6_details')">passedTest()</a>
               </td>
               <td nowrap="true">02:11:38</td>
               <td nowrap="true" align="right">0 ms
                  
               </td>
               <td nowrap="true">
                  <a onclick="toggleDetailsVisibility('com.testng3.TestReporter_passedTest_byStatus_failed_FAIL6_exception')">junit.framework.ComparisonFailure: 
                     expected:&lt;Hi[]&gt; but was:&lt;Hi[i]&gt;
                     
                  </a>
                   
                  
               </td>
            </tr>
            <tr>
               <td colspan="4" class="detailsBox">
                  <div id="com.testng3.TestReporter_passedTest_byStatus_failed_FAIL6_details"
                       class="testMethodDetails">
                     <div>
                        <b>Name: </b>passedTest
                     </div>
                     <div>
                        <b>Signature: </b>passedTest()
                     </div>
                     <div>
                        <b>Start time: </b>02:11:38
                     </div>
                     <div>
                        <b>End time: </b>02:11:38
                     </div>
                     <div>
                        <b>Duration: </b>0 ms
                        
                     </div>
                  </div>
               </td>
            </tr>
            <tr>
               <td colspan="4" class="detailsBox">
                  <div id="com.testng3.TestReporter_passedTest_byStatus_failed_FAIL6_exception"
                       class="testMethodDetails">
                     <pre style="padding: 5px; margin: 0;">junit.framework.ComparisonFailure: expected:&lt;Hi[]&gt; but was:&lt;Hi[i]&gt;
                        	at junit.framework.Assert.assertEquals(Assert.java:85)
                        	at junit.framework.Assert.assertEquals(Assert.java:91)
                        	at com.testng3.TestReporter.passedTest(TestReporter.java:14)
                        	at sun.reflect.GeneratedMethodAccessor3.invoke(Unknown Source)
                        	at sun.reflect.DelegatingMethodAccessorImpl.invoke(DelegatingMethodAccessorImpl.java:43)
                        	at java.lang.reflect.Method.invoke(Method.java:601)
                        	at org.testng.internal.MethodInvocationHelper.invokeMethod(MethodInvocationHelper.java:76)
                        	at org.testng.internal.Invoker.invokeMethod(Invoker.java:673)
                        	at org.testng.internal.Invoker.invokeTestMethod(Invoker.java:846)
                        	at org.testng.internal.Invoker.invokeTestMethods(Invoker.java:1170)
                        	at org.testng.internal.TestMethodWorker.invokeTestMethods(TestMethodWorker.java:125)
                        	at org.testng.internal.TestMethodWorker.run(TestMethodWorker.java:109)
                        	at org.testng.TestRunner.runWorkers(TestRunner.java:1147)
                        	at org.testng.TestRunner.privateRun(TestRunner.java:749)
                        	at org.testng.TestRunner.run(TestRunner.java:600)
                        	at org.testng.SuiteRunner.runTest(SuiteRunner.java:317)
                        	at org.testng.SuiteRunner.runSequentially(SuiteRunner.java:312)
                        	at org.testng.SuiteRunner.privateRun(SuiteRunner.java:274)
                        	at org.testng.SuiteRunner.run(SuiteRunner.java:223)
                        	at org.testng.SuiteRunnerWorker.runSuite(SuiteRunnerWorker.java:52)
                        	at org.testng.SuiteRunnerWorker.run(SuiteRunnerWorker.java:86)
                        	at org.testng.TestNG.runSuitesSequentially(TestNG.java:1039)
                        	at org.testng.TestNG.runSuitesLocally(TestNG.java:964)
                        	at org.testng.TestNG.run(TestNG.java:900)
                        	at org.testng.TestNG.privateMain(TestNG.java:1182)
                        	at org.testng.TestNG.main(TestNG.java:1146)
                     </pre>
                  </div>
               </td>
            </tr>
            <tr id="com.testng3.TestReporter_passedTest_byStatus_failed_FAIL7_row"
                class="testMethodStatusFAIL">
               <td width="100%" class="firstMethodCell">
                  <a onclick="toggleDetailsVisibility('com.testng3.TestReporter_passedTest_byStatus_failed_FAIL7_details')">passedTest()</a>
               </td>
               <td nowrap="true">02:11:38</td>
               <td nowrap="true" align="right">0 ms
                  
               </td>
               <td nowrap="true">
                  <a onclick="toggleDetailsVisibility('com.testng3.TestReporter_passedTest_byStatus_failed_FAIL7_exception')">junit.framework.ComparisonFailure: 
                     expected:&lt;Hi[]&gt; but was:&lt;Hi[i]&gt;
                     
                  </a>
                   
                  
               </td>
            </tr>
            <tr>
               <td colspan="4" class="detailsBox">
                  <div id="com.testng3.TestReporter_passedTest_byStatus_failed_FAIL7_details"
                       class="testMethodDetails">
                     <div>
                        <b>Name: </b>passedTest
                     </div>
                     <div>
                        <b>Signature: </b>passedTest()
                     </div>
                     <div>
                        <b>Start time: </b>02:11:38
                     </div>
                     <div>
                        <b>End time: </b>02:11:38
                     </div>
                     <div>
                        <b>Duration: </b>0 ms
                        
                     </div>
                  </div>
               </td>
            </tr>
            <tr>
               <td colspan="4" class="detailsBox">
                  <div id="com.testng3.TestReporter_passedTest_byStatus_failed_FAIL7_exception"
                       class="testMethodDetails">
                     <pre style="padding: 5px; margin: 0;">junit.framework.ComparisonFailure: expected:&lt;Hi[]&gt; but was:&lt;Hi[i]&gt;
                        	at junit.framework.Assert.assertEquals(Assert.java:85)
                        	at junit.framework.Assert.assertEquals(Assert.java:91)
                        	at com.testng3.TestReporter.passedTest(TestReporter.java:14)
                        	at sun.reflect.NativeMethodAccessorImpl.invoke0(Native Method)
                        	at sun.reflect.NativeMethodAccessorImpl.invoke(NativeMethodAccessorImpl.java:57)
                        	at sun.reflect.DelegatingMethodAccessorImpl.invoke(DelegatingMethodAccessorImpl.java:43)
                        	at java.lang.reflect.Method.invoke(Method.java:601)
                        	at org.testng.internal.MethodInvocationHelper.invokeMethod(MethodInvocationHelper.java:76)
                        	at org.testng.internal.Invoker.invokeMethod(Invoker.java:673)
                        	at org.testng.internal.Invoker.invokeTestMethod(Invoker.java:846)
                        	at org.testng.internal.Invoker.invokeTestMethods(Invoker.java:1170)
                        	at org.testng.internal.TestMethodWorker.invokeTestMethods(TestMethodWorker.java:125)
                        	at org.testng.internal.TestMethodWorker.run(TestMethodWorker.java:109)
                        	at org.testng.TestRunner.runWorkers(TestRunner.java:1147)
                        	at org.testng.TestRunner.privateRun(TestRunner.java:749)
                        	at org.testng.TestRunner.run(TestRunner.java:600)
                        	at org.testng.SuiteRunner.runTest(SuiteRunner.java:317)
                        	at org.testng.SuiteRunner.runSequentially(SuiteRunner.java:312)
                        	at org.testng.SuiteRunner.privateRun(SuiteRunner.java:274)
                        	at org.testng.SuiteRunner.run(SuiteRunner.java:223)
                        	at org.testng.SuiteRunnerWorker.runSuite(SuiteRunnerWorker.java:52)
                        	at org.testng.SuiteRunnerWorker.run(SuiteRunnerWorker.java:86)
                        	at org.testng.TestNG.runSuitesSequentially(TestNG.java:1039)
                        	at org.testng.TestNG.runSuitesLocally(TestNG.java:964)
                        	at org.testng.TestNG.run(TestNG.java:900)
                        	at org.testng.TestNG.privateMain(TestNG.java:1182)
                        	at org.testng.TestNG.main(TestNG.java:1146)
                     </pre>
                  </div>
               </td>
            </tr>
            <tr id="com.testng3.TestReporter_passedTest_byStatus_failed_FAIL8_row"
                class="testMethodStatusFAIL">
               <td width="100%" class="firstMethodCell">
                  <a onclick="toggleDetailsVisibility('com.testng3.TestReporter_passedTest_byStatus_failed_FAIL8_details')">passedTest()</a>
               </td>
               <td nowrap="true">02:11:38</td>
               <td nowrap="true" align="right">0 ms
                  
               </td>
               <td nowrap="true">
                  <a onclick="toggleDetailsVisibility('com.testng3.TestReporter_passedTest_byStatus_failed_FAIL8_exception')">junit.framework.ComparisonFailure: 
                     expected:&lt;Hi[]&gt; but was:&lt;Hi[i]&gt;
                     
                  </a>
                   
                  
               </td>
            </tr>
            <tr>
               <td colspan="4" class="detailsBox">
                  <div id="com.testng3.TestReporter_passedTest_byStatus_failed_FAIL8_details"
                       class="testMethodDetails">
                     <div>
                        <b>Name: </b>passedTest
                     </div>
                     <div>
                        <b>Signature: </b>passedTest()
                     </div>
                     <div>
                        <b>Start time: </b>02:11:38
                     </div>
                     <div>
                        <b>End time: </b>02:11:38
                     </div>
                     <div>
                        <b>Duration: </b>0 ms
                        
                     </div>
                  </div>
               </td>
            </tr>
            <tr>
               <td colspan="4" class="detailsBox">
                  <div id="com.testng3.TestReporter_passedTest_byStatus_failed_FAIL8_exception"
                       class="testMethodDetails">
                     <pre style="padding: 5px; margin: 0;">junit.framework.ComparisonFailure: expected:&lt;Hi[]&gt; but was:&lt;Hi[i]&gt;
                        	at junit.framework.Assert.assertEquals(Assert.java:85)
                        	at junit.framework.Assert.assertEquals(Assert.java:91)
                        	at com.testng3.TestReporter.passedTest(TestReporter.java:14)
                        	at sun.reflect.GeneratedMethodAccessor3.invoke(Unknown Source)
                        	at sun.reflect.DelegatingMethodAccessorImpl.invoke(DelegatingMethodAccessorImpl.java:43)
                        	at java.lang.reflect.Method.invoke(Method.java:601)
                        	at org.testng.internal.MethodInvocationHelper.invokeMethod(MethodInvocationHelper.java:76)
                        	at org.testng.internal.Invoker.invokeMethod(Invoker.java:673)
                        	at org.testng.internal.Invoker.invokeTestMethod(Invoker.java:846)
                        	at org.testng.internal.Invoker.invokeTestMethods(Invoker.java:1170)
                        	at org.testng.internal.TestMethodWorker.invokeTestMethods(TestMethodWorker.java:125)
                        	at org.testng.internal.TestMethodWorker.run(TestMethodWorker.java:109)
                        	at org.testng.TestRunner.runWorkers(TestRunner.java:1147)
                        	at org.testng.TestRunner.privateRun(TestRunner.java:749)
                        	at org.testng.TestRunner.run(TestRunner.java:600)
                        	at org.testng.SuiteRunner.runTest(SuiteRunner.java:317)
                        	at org.testng.SuiteRunner.runSequentially(SuiteRunner.java:312)
                        	at org.testng.SuiteRunner.privateRun(SuiteRunner.java:274)
                        	at org.testng.SuiteRunner.run(SuiteRunner.java:223)
                        	at org.testng.SuiteRunnerWorker.runSuite(SuiteRunnerWorker.java:52)
                        	at org.testng.SuiteRunnerWorker.run(SuiteRunnerWorker.java:86)
                        	at org.testng.TestNG.runSuitesSequentially(TestNG.java:1039)
                        	at org.testng.TestNG.runSuitesLocally(TestNG.java:964)
                        	at org.testng.TestNG.run(TestNG.java:900)
                        	at org.testng.TestNG.privateMain(TestNG.java:1182)
                        	at org.testng.TestNG.main(TestNG.java:1146)
                     </pre>
                  </div>
               </td>
            </tr>
            <tr id="com.testng3.TestReporter_passedTest_byStatus_failed_FAIL9_row"
                class="testMethodStatusFAIL">
               <td width="100%" class="firstMethodCell">
                  <a onclick="toggleDetailsVisibility('com.testng3.TestReporter_passedTest_byStatus_failed_FAIL9_details')">passedTest()</a>
               </td>
               <td nowrap="true">02:11:38</td>
               <td nowrap="true" align="right">0 ms
                  
               </td>
               <td nowrap="true">
                  <a onclick="toggleDetailsVisibility('com.testng3.TestReporter_passedTest_byStatus_failed_FAIL9_exception')">junit.framework.ComparisonFailure: 
                     expected:&lt;Hi[]&gt; but was:&lt;Hi[i]&gt;
                     
                  </a>
                   
                  
               </td>
            </tr>
            <tr>
               <td colspan="4" class="detailsBox">
                  <div id="com.testng3.TestReporter_passedTest_byStatus_failed_FAIL9_details"
                       class="testMethodDetails">
                     <div>
                        <b>Name: </b>passedTest
                     </div>
                     <div>
                        <b>Signature: </b>passedTest()
                     </div>
                     <div>
                        <b>Start time: </b>02:11:38
                     </div>
                     <div>
                        <b>End time: </b>02:11:38
                     </div>
                     <div>
                        <b>Duration: </b>0 ms
                        
                     </div>
                  </div>
               </td>
            </tr>
            <tr>
               <td colspan="4" class="detailsBox">
                  <div id="com.testng3.TestReporter_passedTest_byStatus_failed_FAIL9_exception"
                       class="testMethodDetails">
                     <pre style="padding: 5px; margin: 0;">junit.framework.ComparisonFailure: expected:&lt;Hi[]&gt; but was:&lt;Hi[i]&gt;
                        	at junit.framework.Assert.assertEquals(Assert.java:85)
                        	at junit.framework.Assert.assertEquals(Assert.java:91)
                        	at com.testng3.TestReporter.passedTest(TestReporter.java:14)
                        	at sun.reflect.NativeMethodAccessorImpl.invoke0(Native Method)
                        	at sun.reflect.NativeMethodAccessorImpl.invoke(NativeMethodAccessorImpl.java:57)
                        	at sun.reflect.DelegatingMethodAccessorImpl.invoke(DelegatingMethodAccessorImpl.java:43)
                        	at java.lang.reflect.Method.invoke(Method.java:601)
                        	at org.testng.internal.MethodInvocationHelper.invokeMethod(MethodInvocationHelper.java:76)
                        	at org.testng.internal.Invoker.invokeMethod(Invoker.java:673)
                        	at org.testng.internal.Invoker.invokeTestMethod(Invoker.java:846)
                        	at org.testng.internal.Invoker.invokeTestMethods(Invoker.java:1170)
                        	at org.testng.internal.TestMethodWorker.invokeTestMethods(TestMethodWorker.java:125)
                        	at org.testng.internal.TestMethodWorker.run(TestMethodWorker.java:109)
                        	at org.testng.TestRunner.runWorkers(TestRunner.java:1147)
                        	at org.testng.TestRunner.privateRun(TestRunner.java:749)
                        	at org.testng.TestRunner.run(TestRunner.java:600)
                        	at org.testng.SuiteRunner.runTest(SuiteRunner.java:317)
                        	at org.testng.SuiteRunner.runSequentially(SuiteRunner.java:312)
                        	at org.testng.SuiteRunner.privateRun(SuiteRunner.java:274)
                        	at org.testng.SuiteRunner.run(SuiteRunner.java:223)
                        	at org.testng.SuiteRunnerWorker.runSuite(SuiteRunnerWorker.java:52)
                        	at org.testng.SuiteRunnerWorker.run(SuiteRunnerWorker.java:86)
                        	at org.testng.TestNG.runSuitesSequentially(TestNG.java:1039)
                        	at org.testng.TestNG.runSuitesLocally(TestNG.java:964)
                        	at org.testng.TestNG.run(TestNG.java:900)
                        	at org.testng.TestNG.privateMain(TestNG.java:1182)
                        	at org.testng.TestNG.main(TestNG.java:1146)
                     </pre>
                  </div>
               </td>
            </tr>
            <tr id="com.testng3.TestReporter_passedTest_byStatus_failed_FAIL10_row"
                class="testMethodStatusFAIL">
               <td width="100%" class="firstMethodCell">
                  <a onclick="toggleDetailsVisibility('com.testng3.TestReporter_passedTest_byStatus_failed_FAIL10_details')">passedTest()</a>
               </td>
               <td nowrap="true">02:11:38</td>
               <td nowrap="true" align="right">0 ms
                  
               </td>
               <td nowrap="true">
                  <a onclick="toggleDetailsVisibility('com.testng3.TestReporter_passedTest_byStatus_failed_FAIL10_exception')">junit.framework.ComparisonFailure: 
                     expected:&lt;Hi[]&gt; but was:&lt;Hi[i]&gt;
                     
                  </a>
                   
                  
               </td>
            </tr>
            <tr>
               <td colspan="4" class="detailsBox">
                  <div id="com.testng3.TestReporter_passedTest_byStatus_failed_FAIL10_details"
                       class="testMethodDetails">
                     <div>
                        <b>Name: </b>passedTest
                     </div>
                     <div>
                        <b>Signature: </b>passedTest()
                     </div>
                     <div>
                        <b>Start time: </b>02:11:38
                     </div>
                     <div>
                        <b>End time: </b>02:11:38
                     </div>
                     <div>
                        <b>Duration: </b>0 ms
                        
                     </div>
                  </div>
               </td>
            </tr>
            <tr>
               <td colspan="4" class="detailsBox">
                  <div id="com.testng3.TestReporter_passedTest_byStatus_failed_FAIL10_exception"
                       class="testMethodDetails">
                     <pre style="padding: 5px; margin: 0;">junit.framework.ComparisonFailure: expected:&lt;Hi[]&gt; but was:&lt;Hi[i]&gt;
                        	at junit.framework.Assert.assertEquals(Assert.java:85)
                        	at junit.framework.Assert.assertEquals(Assert.java:91)
                        	at com.testng3.TestReporter.passedTest(TestReporter.java:14)
                        	at sun.reflect.GeneratedMethodAccessor3.invoke(Unknown Source)
                        	at sun.reflect.DelegatingMethodAccessorImpl.invoke(DelegatingMethodAccessorImpl.java:43)
                        	at java.lang.reflect.Method.invoke(Method.java:601)
                        	at org.testng.internal.MethodInvocationHelper.invokeMethod(MethodInvocationHelper.java:76)
                        	at org.testng.internal.Invoker.invokeMethod(Invoker.java:673)
                        	at org.testng.internal.Invoker.invokeTestMethod(Invoker.java:846)
                        	at org.testng.internal.Invoker.invokeTestMethods(Invoker.java:1170)
                        	at org.testng.internal.TestMethodWorker.invokeTestMethods(TestMethodWorker.java:125)
                        	at org.testng.internal.TestMethodWorker.run(TestMethodWorker.java:109)
                        	at org.testng.TestRunner.runWorkers(TestRunner.java:1147)
                        	at org.testng.TestRunner.privateRun(TestRunner.java:749)
                        	at org.testng.TestRunner.run(TestRunner.java:600)
                        	at org.testng.SuiteRunner.runTest(SuiteRunner.java:317)
                        	at org.testng.SuiteRunner.runSequentially(SuiteRunner.java:312)
                        	at org.testng.SuiteRunner.privateRun(SuiteRunner.java:274)
                        	at org.testng.SuiteRunner.run(SuiteRunner.java:223)
                        	at org.testng.SuiteRunnerWorker.runSuite(SuiteRunnerWorker.java:52)
                        	at org.testng.SuiteRunnerWorker.run(SuiteRunnerWorker.java:86)
                        	at org.testng.TestNG.runSuitesSequentially(TestNG.java:1039)
                        	at org.testng.TestNG.runSuitesLocally(TestNG.java:964)
                        	at org.testng.TestNG.run(TestNG.java:900)
                        	at org.testng.TestNG.privateMain(TestNG.java:1182)
                        	at org.testng.TestNG.main(TestNG.java:1146)
                     </pre>
                  </div>
               </td>
            </tr>
            <tr id="com.testng3.TestReporter_failedTest_byStatus_passed_PASS1_row"
                class="testMethodStatusPASS">
               <td width="100%" class="firstMethodCell">
                  <a onclick="toggleDetailsVisibility('com.testng3.TestReporter_failedTest_byStatus_passed_PASS1_details')">failedTest()</a>
               </td>
               <td nowrap="true">02:11:38</td>
               <td nowrap="true" align="right">0 ms
                  
               </td>
               <td nowrap="true">
                   
                  
               </td>
            </tr>
            <tr>
               <td colspan="4" class="detailsBox">
                  <div id="com.testng3.TestReporter_failedTest_byStatus_passed_PASS1_details"
                       class="testMethodDetails">
                     <div>
                        <b>Name: </b>failedTest
                     </div>
                     <div>
                        <b>Signature: </b>failedTest()
                     </div>
                     <div>
                        <b>Start time: </b>02:11:38
                     </div>
                     <div>
                        <b>End time: </b>02:11:38
                     </div>
                     <div>
                        <b>Duration: </b>0 ms
                        
                     </div>
                  </div>
               </td>
            </tr>
            <tr></tr>
            <tr id="com.testng.test.Annotations_beforeSuite_byStatus_passed_PASS2_row"
                class="testMethodStatusPASS testMethodStatusCONF">
               <td width="100%" class="firstMethodCell">
                  <a onclick="toggleDetailsVisibility('com.testng.test.Annotations_beforeSuite_byStatus_passed_PASS2_details')">beforeSuite()</a>
               </td>
               <td nowrap="true">02:11:38</td>
               <td nowrap="true" align="right">15 ms
                  
               </td>
               <td nowrap="true">
                   
                  
               </td>
            </tr>
            <tr>
               <td colspan="4" class="detailsBox">
                  <div id="com.testng.test.Annotations_beforeSuite_byStatus_passed_PASS2_details"
                       class="testMethodDetails">
                     <div>
                        <b>Name: </b>beforeSuite
                     </div>
                     <div>
                        <b>Signature: </b>beforeSuite()
                     </div>
                     <div>
                        <b>Start time: </b>02:11:38
                     </div>
                     <div>
                        <b>End time: </b>02:11:38
                     </div>
                     <div>
                        <b>Duration: </b>15 ms
                        
                     </div>
                  </div>
               </td>
            </tr>
            <tr></tr>
            <tr id="com.testng.test.Annotations_afterSuite_byStatus_passed_PASS3_row"
                class="testMethodStatusPASS testMethodStatusCONF">
               <td width="100%" class="firstMethodCell">
                  <a onclick="toggleDetailsVisibility('com.testng.test.Annotations_afterSuite_byStatus_passed_PASS3_details')">afterSuite()</a>
               </td>
               <td nowrap="true">02:11:38</td>
               <td nowrap="true" align="right">0 ms
                  
               </td>
               <td nowrap="true">
                   
                  
               </td>
            </tr>
            <tr>
               <td colspan="4" class="detailsBox">
                  <div id="com.testng.test.Annotations_afterSuite_byStatus_passed_PASS3_details"
                       class="testMethodDetails">
                     <div>
                        <b>Name: </b>afterSuite
                     </div>
                     <div>
                        <b>Signature: </b>afterSuite()
                     </div>
                     <div>
                        <b>Start time: </b>02:11:38
                     </div>
                     <div>
                        <b>End time: </b>02:11:38
                     </div>
                     <div>
                        <b>Duration: </b>0 ms
                        
                     </div>
                  </div>
               </td>
            </tr>
            <tr></tr>
            <tr id="com.testng3.TestReporter_skipTest_byStatus_skiped_SKIP1_row"
                class="testMethodStatusSKIP">
               <td width="100%" class="firstMethodCell">
                  <a onclick="toggleDetailsVisibility('com.testng3.TestReporter_skipTest_byStatus_skiped_SKIP1_details')">skipTest()</a>
               </td>
               <td nowrap="true">02:11:38</td>
               <td nowrap="true" align="right">0 ms
                  
               </td>
               <td nowrap="true">
                  <a onclick="toggleDetailsVisibility('com.testng3.TestReporter_skipTest_byStatus_skiped_SKIP1_exception')">org.testng.SkipException: </a>
                   
                  
               </td>
            </tr>
            <tr>
               <td colspan="4" class="detailsBox">
                  <div id="com.testng3.TestReporter_skipTest_byStatus_skiped_SKIP1_details"
                       class="testMethodDetails">
                     <div>
                        <b>Name: </b>skipTest
                     </div>
                     <div>
                        <b>Signature: </b>skipTest()
                     </div>
                     <div>
                        <b>Start time: </b>02:11:38
                     </div>
                     <div>
                        <b>End time: </b>02:11:38
                     </div>
                     <div>
                        <b>Duration: </b>0 ms
                        
                     </div>
                  </div>
               </td>
            </tr>
            <tr>
               <td colspan="4" class="detailsBox">
                  <div id="com.testng3.TestReporter_skipTest_byStatus_skiped_SKIP1_exception"
                       class="testMethodDetails">
                     <pre style="padding: 5px; margin: 0;">org.testng.SkipException
                        	at com.testng3.TestReporter.skipTest(TestReporter.java:26)
                        	at sun.reflect.NativeMethodAccessorImpl.invoke0(Native Method)
                        	at sun.reflect.NativeMethodAccessorImpl.invoke(NativeMethodAccessorImpl.java:57)
                        	at sun.reflect.DelegatingMethodAccessorImpl.invoke(DelegatingMethodAccessorImpl.java:43)
                        	at java.lang.reflect.Method.invoke(Method.java:601)
                        	at org.testng.internal.MethodInvocationHelper.invokeMethod(MethodInvocationHelper.java:76)
                        	at org.testng.internal.Invoker.invokeMethod(Invoker.java:673)
                        	at org.testng.internal.Invoker.invokeTestMethod(Invoker.java:846)
                        	at org.testng.internal.Invoker.invokeTestMethods(Invoker.java:1170)
                        	at org.testng.internal.TestMethodWorker.invokeTestMethods(TestMethodWorker.java:125)
                        	at org.testng.internal.TestMethodWorker.run(TestMethodWorker.java:109)
                        	at org.testng.TestRunner.runWorkers(TestRunner.java:1147)
                        	at org.testng.TestRunner.privateRun(TestRunner.java:749)
                        	at org.testng.TestRunner.run(TestRunner.java:600)
                        	at org.testng.SuiteRunner.runTest(SuiteRunner.java:317)
                        	at org.testng.SuiteRunner.runSequentially(SuiteRunner.java:312)
                        	at org.testng.SuiteRunner.privateRun(SuiteRunner.java:274)
                        	at org.testng.SuiteRunner.run(SuiteRunner.java:223)
                        	at org.testng.SuiteRunnerWorker.runSuite(SuiteRunnerWorker.java:52)
                        	at org.testng.SuiteRunnerWorker.run(SuiteRunnerWorker.java:86)
                        	at org.testng.TestNG.runSuitesSequentially(TestNG.java:1039)
                        	at org.testng.TestNG.runSuitesLocally(TestNG.java:964)
                        	at org.testng.TestNG.run(TestNG.java:900)
                        	at org.testng.TestNG.privateMain(TestNG.java:1182)
                        	at org.testng.TestNG.main(TestNG.java:1146)
                     </pre>
                  </div>
               </td>
            </tr>
         </table>
      </div>
      <div id="testMethodsByClass" style="display: none;">
         <table class="testMethodsTable" cellpadding="0" cellspacing="0">
            <tr>
               <td colspan="4">
                  <h3 style="display: inline;">com.testng.test.Annotations</h3>
               </td>
            </tr>
            <tr class="methodsTableHeader">
               <td width="100%">Name</td>
               <td nowrap="true">Started</td>
               <td nowrap="true">Duration</td>
               <td>Exception</td>
            </tr>
            <tr id="com.testng.test.Annotations_beforeSuite_byClass_PASS1_row"
                class="testMethodStatusPASS testMethodStatusCONF">
               <td width="100%" class="firstMethodCell">
                  <a onclick="toggleDetailsVisibility('com.testng.test.Annotations_beforeSuite_byClass_PASS1_details')">beforeSuite()</a>
               </td>
               <td nowrap="true">02:11:38</td>
               <td nowrap="true" align="right">15 ms
                  
               </td>
               <td nowrap="true">
                   
                  
               </td>
            </tr>
            <tr>
               <td colspan="4" class="detailsBox">
                  <div id="com.testng.test.Annotations_beforeSuite_byClass_PASS1_details"
                       class="testMethodDetails">
                     <div>
                        <b>Name: </b>beforeSuite
                     </div>
                     <div>
                        <b>Signature: </b>beforeSuite()
                     </div>
                     <div>
                        <b>Start time: </b>02:11:38
                     </div>
                     <div>
                        <b>End time: </b>02:11:38
                     </div>
                     <div>
                        <b>Duration: </b>15 ms
                        
                     </div>
                  </div>
               </td>
            </tr>
            <tr></tr>
            <tr id="com.testng.test.Annotations_afterSuite_byClass_PASS2_row"
                class="testMethodStatusPASS testMethodStatusCONF">
               <td width="100%" class="firstMethodCell">
                  <a onclick="toggleDetailsVisibility('com.testng.test.Annotations_afterSuite_byClass_PASS2_details')">afterSuite()</a>
               </td>
               <td nowrap="true">02:11:38</td>
               <td nowrap="true" align="right">0 ms
                  
               </td>
               <td nowrap="true">
                   
                  
               </td>
            </tr>
            <tr>
               <td colspan="4" class="detailsBox">
                  <div id="com.testng.test.Annotations_afterSuite_byClass_PASS2_details"
                       class="testMethodDetails">
                     <div>
                        <b>Name: </b>afterSuite
                     </div>
                     <div>
                        <b>Signature: </b>afterSuite()
                     </div>
                     <div>
                        <b>Start time: </b>02:11:38
                     </div>
                     <div>
                        <b>End time: </b>02:11:38
                     </div>
                     <div>
                        <b>Duration: </b>0 ms
                        
                     </div>
                  </div>
               </td>
            </tr>
            <tr></tr>
         </table>
         <br></br>
         <table class="testMethodsTable" cellpadding="0" cellspacing="0">
            <tr>
               <td colspan="4">
                  <h3 style="display: inline;">com.testng3.TestReporter</h3>
               </td>
            </tr>
            <tr class="methodsTableHeader">
               <td width="100%">Name</td>
               <td nowrap="true">Started</td>
               <td nowrap="true">Duration</td>
               <td>Exception</td>
            </tr>
            <tr id="com.testng3.TestReporter_failedTest_byClass_PASS1_row"
                class="testMethodStatusPASS">
               <td width="100%" class="firstMethodCell">
                  <a onclick="toggleDetailsVisibility('com.testng3.TestReporter_failedTest_byClass_PASS1_details')">failedTest()</a>
               </td>
               <td nowrap="true">02:11:38</td>
               <td nowrap="true" align="right">0 ms
                  
               </td>
               <td nowrap="true">
                   
                  
               </td>
            </tr>
            <tr>
               <td colspan="4" class="detailsBox">
                  <div id="com.testng3.TestReporter_failedTest_byClass_PASS1_details"
                       class="testMethodDetails">
                     <div>
                        <b>Name: </b>failedTest
                     </div>
                     <div>
                        <b>Signature: </b>failedTest()
                     </div>
                     <div>
                        <b>Start time: </b>02:11:38
                     </div>
                     <div>
                        <b>End time: </b>02:11:38
                     </div>
                     <div>
                        <b>Duration: </b>0 ms
                        
                     </div>
                  </div>
               </td>
            </tr>
            <tr></tr>
            <tr id="com.testng3.TestReporter_passedTest_byClass_FAIL2_row"
                class="testMethodStatusFAIL">
               <td width="100%" class="firstMethodCell">
                  <a onclick="toggleDetailsVisibility('com.testng3.TestReporter_passedTest_byClass_FAIL2_details')">passedTest()</a>
               </td>
               <td nowrap="true">02:11:38</td>
               <td nowrap="true" align="right">16 ms
                  
               </td>
               <td nowrap="true">
                  <a onclick="toggleDetailsVisibility('com.testng3.TestReporter_passedTest_byClass_FAIL2_exception')">junit.framework.ComparisonFailure: 
                     expected:&lt;Hi[]&gt; but was:&lt;Hi[i]&gt;
                     
                  </a>
                   
                  
               </td>
            </tr>
            <tr>
               <td colspan="4" class="detailsBox">
                  <div id="com.testng3.TestReporter_passedTest_byClass_FAIL2_details"
                       class="testMethodDetails">
                     <div>
                        <b>Name: </b>passedTest
                     </div>
                     <div>
                        <b>Signature: </b>passedTest()
                     </div>
                     <div>
                        <b>Start time: </b>02:11:38
                     </div>
                     <div>
                        <b>End time: </b>02:11:38
                     </div>
                     <div>
                        <b>Duration: </b>16 ms
                        
                     </div>
                  </div>
               </td>
            </tr>
            <tr>
               <td colspan="4" class="detailsBox">
                  <div id="com.testng3.TestReporter_passedTest_byClass_FAIL2_exception"
                       class="testMethodDetails">
                     <pre style="padding: 5px; margin: 0;">junit.framework.ComparisonFailure: expected:&lt;Hi[]&gt; but was:&lt;Hi[i]&gt;
                        	at junit.framework.Assert.assertEquals(Assert.java:85)
                        	at junit.framework.Assert.assertEquals(Assert.java:91)
                        	at com.testng3.TestReporter.passedTest(TestReporter.java:14)
                        	at sun.reflect.NativeMethodAccessorImpl.invoke0(Native Method)
                        	at sun.reflect.NativeMethodAccessorImpl.invoke(NativeMethodAccessorImpl.java:57)
                        	at sun.reflect.DelegatingMethodAccessorImpl.invoke(DelegatingMethodAccessorImpl.java:43)
                        	at java.lang.reflect.Method.invoke(Method.java:601)
                        	at org.testng.internal.MethodInvocationHelper.invokeMethod(MethodInvocationHelper.java:76)
                        	at org.testng.internal.Invoker.invokeMethod(Invoker.java:673)
                        	at org.testng.internal.Invoker.invokeTestMethod(Invoker.java:846)
                        	at org.testng.internal.Invoker.invokeTestMethods(Invoker.java:1170)
                        	at org.testng.internal.TestMethodWorker.invokeTestMethods(TestMethodWorker.java:125)
                        	at org.testng.internal.TestMethodWorker.run(TestMethodWorker.java:109)
                        	at org.testng.TestRunner.runWorkers(TestRunner.java:1147)
                        	at org.testng.TestRunner.privateRun(TestRunner.java:749)
                        	at org.testng.TestRunner.run(TestRunner.java:600)
                        	at org.testng.SuiteRunner.runTest(SuiteRunner.java:317)
                        	at org.testng.SuiteRunner.runSequentially(SuiteRunner.java:312)
                        	at org.testng.SuiteRunner.privateRun(SuiteRunner.java:274)
                        	at org.testng.SuiteRunner.run(SuiteRunner.java:223)
                        	at org.testng.SuiteRunnerWorker.runSuite(SuiteRunnerWorker.java:52)
                        	at org.testng.SuiteRunnerWorker.run(SuiteRunnerWorker.java:86)
                        	at org.testng.TestNG.runSuitesSequentially(TestNG.java:1039)
                        	at org.testng.TestNG.runSuitesLocally(TestNG.java:964)
                        	at org.testng.TestNG.run(TestNG.java:900)
                        	at org.testng.TestNG.privateMain(TestNG.java:1182)
                        	at org.testng.TestNG.main(TestNG.java:1146)
                     </pre>
                  </div>
               </td>
            </tr>
            <tr id="com.testng3.TestReporter_passedTest_byClass_FAIL3_row"
                class="testMethodStatusFAIL">
               <td width="100%" class="firstMethodCell">
                  <a onclick="toggleDetailsVisibility('com.testng3.TestReporter_passedTest_byClass_FAIL3_details')">passedTest()</a>
               </td>
               <td nowrap="true">02:11:38</td>
               <td nowrap="true" align="right">0 ms
                  
               </td>
               <td nowrap="true">
                  <a onclick="toggleDetailsVisibility('com.testng3.TestReporter_passedTest_byClass_FAIL3_exception')">junit.framework.ComparisonFailure: 
                     expected:&lt;Hi[]&gt; but was:&lt;Hi[i]&gt;
                     
                  </a>
                   
                  
               </td>
            </tr>
            <tr>
               <td colspan="4" class="detailsBox">
                  <div id="com.testng3.TestReporter_passedTest_byClass_FAIL3_details"
                       class="testMethodDetails">
                     <div>
                        <b>Name: </b>passedTest
                     </div>
                     <div>
                        <b>Signature: </b>passedTest()
                     </div>
                     <div>
                        <b>Start time: </b>02:11:38
                     </div>
                     <div>
                        <b>End time: </b>02:11:38
                     </div>
                     <div>
                        <b>Duration: </b>0 ms
                        
                     </div>
                  </div>
               </td>
            </tr>
            <tr>
               <td colspan="4" class="detailsBox">
                  <div id="com.testng3.TestReporter_passedTest_byClass_FAIL3_exception"
                       class="testMethodDetails">
                     <pre style="padding: 5px; margin: 0;">junit.framework.ComparisonFailure: expected:&lt;Hi[]&gt; but was:&lt;Hi[i]&gt;
                        	at junit.framework.Assert.assertEquals(Assert.java:85)
                        	at junit.framework.Assert.assertEquals(Assert.java:91)
                        	at com.testng3.TestReporter.passedTest(TestReporter.java:14)
                        	at sun.reflect.NativeMethodAccessorImpl.invoke0(Native Method)
                        	at sun.reflect.NativeMethodAccessorImpl.invoke(NativeMethodAccessorImpl.java:57)
                        	at sun.reflect.DelegatingMethodAccessorImpl.invoke(DelegatingMethodAccessorImpl.java:43)
                        	at java.lang.reflect.Method.invoke(Method.java:601)
                        	at org.testng.internal.MethodInvocationHelper.invokeMethod(MethodInvocationHelper.java:76)
                        	at org.testng.internal.Invoker.invokeMethod(Invoker.java:673)
                        	at org.testng.internal.Invoker.invokeTestMethod(Invoker.java:846)
                        	at org.testng.internal.Invoker.invokeTestMethods(Invoker.java:1170)
                        	at org.testng.internal.TestMethodWorker.invokeTestMethods(TestMethodWorker.java:125)
                        	at org.testng.internal.TestMethodWorker.run(TestMethodWorker.java:109)
                        	at org.testng.TestRunner.runWorkers(TestRunner.java:1147)
                        	at org.testng.TestRunner.privateRun(TestRunner.java:749)
                        	at org.testng.TestRunner.run(TestRunner.java:600)
                        	at org.testng.SuiteRunner.runTest(SuiteRunner.java:317)
                        	at org.testng.SuiteRunner.runSequentially(SuiteRunner.java:312)
                        	at org.testng.SuiteRunner.privateRun(SuiteRunner.java:274)
                        	at org.testng.SuiteRunner.run(SuiteRunner.java:223)
                        	at org.testng.SuiteRunnerWorker.runSuite(SuiteRunnerWorker.java:52)
                        	at org.testng.SuiteRunnerWorker.run(SuiteRunnerWorker.java:86)
                        	at org.testng.TestNG.runSuitesSequentially(TestNG.java:1039)
                        	at org.testng.TestNG.runSuitesLocally(TestNG.java:964)
                        	at org.testng.TestNG.run(TestNG.java:900)
                        	at org.testng.TestNG.privateMain(TestNG.java:1182)
                        	at org.testng.TestNG.main(TestNG.java:1146)
                     </pre>
                  </div>
               </td>
            </tr>
            <tr id="com.testng3.TestReporter_passedTest_byClass_FAIL4_row"
                class="testMethodStatusFAIL">
               <td width="100%" class="firstMethodCell">
                  <a onclick="toggleDetailsVisibility('com.testng3.TestReporter_passedTest_byClass_FAIL4_details')">passedTest()</a>
               </td>
               <td nowrap="true">02:11:38</td>
               <td nowrap="true" align="right">0 ms
                  
               </td>
               <td nowrap="true">
                  <a onclick="toggleDetailsVisibility('com.testng3.TestReporter_passedTest_byClass_FAIL4_exception')">junit.framework.ComparisonFailure: 
                     expected:&lt;Hi[]&gt; but was:&lt;Hi[i]&gt;
                     
                  </a>
                   
                  
               </td>
            </tr>
            <tr>
               <td colspan="4" class="detailsBox">
                  <div id="com.testng3.TestReporter_passedTest_byClass_FAIL4_details"
                       class="testMethodDetails">
                     <div>
                        <b>Name: </b>passedTest
                     </div>
                     <div>
                        <b>Signature: </b>passedTest()
                     </div>
                     <div>
                        <b>Start time: </b>02:11:38
                     </div>
                     <div>
                        <b>End time: </b>02:11:38
                     </div>
                     <div>
                        <b>Duration: </b>0 ms
                        
                     </div>
                  </div>
               </td>
            </tr>
            <tr>
               <td colspan="4" class="detailsBox">
                  <div id="com.testng3.TestReporter_passedTest_byClass_FAIL4_exception"
                       class="testMethodDetails">
                     <pre style="padding: 5px; margin: 0;">junit.framework.ComparisonFailure: expected:&lt;Hi[]&gt; but was:&lt;Hi[i]&gt;
                        	at junit.framework.Assert.assertEquals(Assert.java:85)
                        	at junit.framework.Assert.assertEquals(Assert.java:91)
                        	at com.testng3.TestReporter.passedTest(TestReporter.java:14)
                        	at sun.reflect.NativeMethodAccessorImpl.invoke0(Native Method)
                        	at sun.reflect.NativeMethodAccessorImpl.invoke(NativeMethodAccessorImpl.java:57)
                        	at sun.reflect.DelegatingMethodAccessorImpl.invoke(DelegatingMethodAccessorImpl.java:43)
                        	at java.lang.reflect.Method.invoke(Method.java:601)
                        	at org.testng.internal.MethodInvocationHelper.invokeMethod(MethodInvocationHelper.java:76)
                        	at org.testng.internal.Invoker.invokeMethod(Invoker.java:673)
                        	at org.testng.internal.Invoker.invokeTestMethod(Invoker.java:846)
                        	at org.testng.internal.Invoker.invokeTestMethods(Invoker.java:1170)
                        	at org.testng.internal.TestMethodWorker.invokeTestMethods(TestMethodWorker.java:125)
                        	at org.testng.internal.TestMethodWorker.run(TestMethodWorker.java:109)
                        	at org.testng.TestRunner.runWorkers(TestRunner.java:1147)
                        	at org.testng.TestRunner.privateRun(TestRunner.java:749)
                        	at org.testng.TestRunner.run(TestRunner.java:600)
                        	at org.testng.SuiteRunner.runTest(SuiteRunner.java:317)
                        	at org.testng.SuiteRunner.runSequentially(SuiteRunner.java:312)
                        	at org.testng.SuiteRunner.privateRun(SuiteRunner.java:274)
                        	at org.testng.SuiteRunner.run(SuiteRunner.java:223)
                        	at org.testng.SuiteRunnerWorker.runSuite(SuiteRunnerWorker.java:52)
                        	at org.testng.SuiteRunnerWorker.run(SuiteRunnerWorker.java:86)
                        	at org.testng.TestNG.runSuitesSequentially(TestNG.java:1039)
                        	at org.testng.TestNG.runSuitesLocally(TestNG.java:964)
                        	at org.testng.TestNG.run(TestNG.java:900)
                        	at org.testng.TestNG.privateMain(TestNG.java:1182)
                        	at org.testng.TestNG.main(TestNG.java:1146)
                     </pre>
                  </div>
               </td>
            </tr>
            <tr id="com.testng3.TestReporter_passedTest_byClass_FAIL5_row"
                class="testMethodStatusFAIL">
               <td width="100%" class="firstMethodCell">
                  <a onclick="toggleDetailsVisibility('com.testng3.TestReporter_passedTest_byClass_FAIL5_details')">passedTest()</a>
               </td>
               <td nowrap="true">02:11:38</td>
               <td nowrap="true" align="right">0 ms
                  
               </td>
               <td nowrap="true">
                  <a onclick="toggleDetailsVisibility('com.testng3.TestReporter_passedTest_byClass_FAIL5_exception')">junit.framework.ComparisonFailure: 
                     expected:&lt;Hi[]&gt; but was:&lt;Hi[i]&gt;
                     
                  </a>
                   
                  
               </td>
            </tr>
            <tr>
               <td colspan="4" class="detailsBox">
                  <div id="com.testng3.TestReporter_passedTest_byClass_FAIL5_details"
                       class="testMethodDetails">
                     <div>
                        <b>Name: </b>passedTest
                     </div>
                     <div>
                        <b>Signature: </b>passedTest()
                     </div>
                     <div>
                        <b>Start time: </b>02:11:38
                     </div>
                     <div>
                        <b>End time: </b>02:11:38
                     </div>
                     <div>
                        <b>Duration: </b>0 ms
                        
                     </div>
                  </div>
               </td>
            </tr>
            <tr>
               <td colspan="4" class="detailsBox">
                  <div id="com.testng3.TestReporter_passedTest_byClass_FAIL5_exception"
                       class="testMethodDetails">
                     <pre style="padding: 5px; margin: 0;">junit.framework.ComparisonFailure: expected:&lt;Hi[]&gt; but was:&lt;Hi[i]&gt;
                        	at junit.framework.Assert.assertEquals(Assert.java:85)
                        	at junit.framework.Assert.assertEquals(Assert.java:91)
                        	at com.testng3.TestReporter.passedTest(TestReporter.java:14)
                        	at sun.reflect.NativeMethodAccessorImpl.invoke0(Native Method)
                        	at sun.reflect.NativeMethodAccessorImpl.invoke(NativeMethodAccessorImpl.java:57)
                        	at sun.reflect.DelegatingMethodAccessorImpl.invoke(DelegatingMethodAccessorImpl.java:43)
                        	at java.lang.reflect.Method.invoke(Method.java:601)
                        	at org.testng.internal.MethodInvocationHelper.invokeMethod(MethodInvocationHelper.java:76)
                        	at org.testng.internal.Invoker.invokeMethod(Invoker.java:673)
                        	at org.testng.internal.Invoker.invokeTestMethod(Invoker.java:846)
                        	at org.testng.internal.Invoker.invokeTestMethods(Invoker.java:1170)
                        	at org.testng.internal.TestMethodWorker.invokeTestMethods(TestMethodWorker.java:125)
                        	at org.testng.internal.TestMethodWorker.run(TestMethodWorker.java:109)
                        	at org.testng.TestRunner.runWorkers(TestRunner.java:1147)
                        	at org.testng.TestRunner.privateRun(TestRunner.java:749)
                        	at org.testng.TestRunner.run(TestRunner.java:600)
                        	at org.testng.SuiteRunner.runTest(SuiteRunner.java:317)
                        	at org.testng.SuiteRunner.runSequentially(SuiteRunner.java:312)
                        	at org.testng.SuiteRunner.privateRun(SuiteRunner.java:274)
                        	at org.testng.SuiteRunner.run(SuiteRunner.java:223)
                        	at org.testng.SuiteRunnerWorker.runSuite(SuiteRunnerWorker.java:52)
                        	at org.testng.SuiteRunnerWorker.run(SuiteRunnerWorker.java:86)
                        	at org.testng.TestNG.runSuitesSequentially(TestNG.java:1039)
                        	at org.testng.TestNG.runSuitesLocally(TestNG.java:964)
                        	at org.testng.TestNG.run(TestNG.java:900)
                        	at org.testng.TestNG.privateMain(TestNG.java:1182)
                        	at org.testng.TestNG.main(TestNG.java:1146)
                     </pre>
                  </div>
               </td>
            </tr>
            <tr id="com.testng3.TestReporter_passedTest_byClass_FAIL6_row"
                class="testMethodStatusFAIL">
               <td width="100%" class="firstMethodCell">
                  <a onclick="toggleDetailsVisibility('com.testng3.TestReporter_passedTest_byClass_FAIL6_details')">passedTest()</a>
               </td>
               <td nowrap="true">02:11:38</td>
               <td nowrap="true" align="right">0 ms
                  
               </td>
               <td nowrap="true">
                  <a onclick="toggleDetailsVisibility('com.testng3.TestReporter_passedTest_byClass_FAIL6_exception')">junit.framework.ComparisonFailure: 
                     expected:&lt;Hi[]&gt; but was:&lt;Hi[i]&gt;
                     
                  </a>
                   
                  
               </td>
            </tr>
            <tr>
               <td colspan="4" class="detailsBox">
                  <div id="com.testng3.TestReporter_passedTest_byClass_FAIL6_details"
                       class="testMethodDetails">
                     <div>
                        <b>Name: </b>passedTest
                     </div>
                     <div>
                        <b>Signature: </b>passedTest()
                     </div>
                     <div>
                        <b>Start time: </b>02:11:38
                     </div>
                     <div>
                        <b>End time: </b>02:11:38
                     </div>
                     <div>
                        <b>Duration: </b>0 ms
                        
                     </div>
                  </div>
               </td>
            </tr>
            <tr>
               <td colspan="4" class="detailsBox">
                  <div id="com.testng3.TestReporter_passedTest_byClass_FAIL6_exception"
                       class="testMethodDetails">
                     <pre style="padding: 5px; margin: 0;">junit.framework.ComparisonFailure: expected:&lt;Hi[]&gt; but was:&lt;Hi[i]&gt;
                        	at junit.framework.Assert.assertEquals(Assert.java:85)
                        	at junit.framework.Assert.assertEquals(Assert.java:91)
                        	at com.testng3.TestReporter.passedTest(TestReporter.java:14)
                        	at sun.reflect.GeneratedMethodAccessor3.invoke(Unknown Source)
                        	at sun.reflect.DelegatingMethodAccessorImpl.invoke(DelegatingMethodAccessorImpl.java:43)
                        	at java.lang.reflect.Method.invoke(Method.java:601)
                        	at org.testng.internal.MethodInvocationHelper.invokeMethod(MethodInvocationHelper.java:76)
                        	at org.testng.internal.Invoker.invokeMethod(Invoker.java:673)
                        	at org.testng.internal.Invoker.invokeTestMethod(Invoker.java:846)
                        	at org.testng.internal.Invoker.invokeTestMethods(Invoker.java:1170)
                        	at org.testng.internal.TestMethodWorker.invokeTestMethods(TestMethodWorker.java:125)
                        	at org.testng.internal.TestMethodWorker.run(TestMethodWorker.java:109)
                        	at org.testng.TestRunner.runWorkers(TestRunner.java:1147)
                        	at org.testng.TestRunner.privateRun(TestRunner.java:749)
                        	at org.testng.TestRunner.run(TestRunner.java:600)
                        	at org.testng.SuiteRunner.runTest(SuiteRunner.java:317)
                        	at org.testng.SuiteRunner.runSequentially(SuiteRunner.java:312)
                        	at org.testng.SuiteRunner.privateRun(SuiteRunner.java:274)
                        	at org.testng.SuiteRunner.run(SuiteRunner.java:223)
                        	at org.testng.SuiteRunnerWorker.runSuite(SuiteRunnerWorker.java:52)
                        	at org.testng.SuiteRunnerWorker.run(SuiteRunnerWorker.java:86)
                        	at org.testng.TestNG.runSuitesSequentially(TestNG.java:1039)
                        	at org.testng.TestNG.runSuitesLocally(TestNG.java:964)
                        	at org.testng.TestNG.run(TestNG.java:900)
                        	at org.testng.TestNG.privateMain(TestNG.java:1182)
                        	at org.testng.TestNG.main(TestNG.java:1146)
                     </pre>
                  </div>
               </td>
            </tr>
            <tr id="com.testng3.TestReporter_passedTest_byClass_FAIL7_row"
                class="testMethodStatusFAIL">
               <td width="100%" class="firstMethodCell">
                  <a onclick="toggleDetailsVisibility('com.testng3.TestReporter_passedTest_byClass_FAIL7_details')">passedTest()</a>
               </td>
               <td nowrap="true">02:11:38</td>
               <td nowrap="true" align="right">0 ms
                  
               </td>
               <td nowrap="true">
                  <a onclick="toggleDetailsVisibility('com.testng3.TestReporter_passedTest_byClass_FAIL7_exception')">junit.framework.ComparisonFailure: 
                     expected:&lt;Hi[]&gt; but was:&lt;Hi[i]&gt;
                     
                  </a>
                   
                  
               </td>
            </tr>
            <tr>
               <td colspan="4" class="detailsBox">
                  <div id="com.testng3.TestReporter_passedTest_byClass_FAIL7_details"
                       class="testMethodDetails">
                     <div>
                        <b>Name: </b>passedTest
                     </div>
                     <div>
                        <b>Signature: </b>passedTest()
                     </div>
                     <div>
                        <b>Start time: </b>02:11:38
                     </div>
                     <div>
                        <b>End time: </b>02:11:38
                     </div>
                     <div>
                        <b>Duration: </b>0 ms
                        
                     </div>
                  </div>
               </td>
            </tr>
            <tr>
               <td colspan="4" class="detailsBox">
                  <div id="com.testng3.TestReporter_passedTest_byClass_FAIL7_exception"
                       class="testMethodDetails">
                     <pre style="padding: 5px; margin: 0;">junit.framework.ComparisonFailure: expected:&lt;Hi[]&gt; but was:&lt;Hi[i]&gt;
                        	at junit.framework.Assert.assertEquals(Assert.java:85)
                        	at junit.framework.Assert.assertEquals(Assert.java:91)
                        	at com.testng3.TestReporter.passedTest(TestReporter.java:14)
                        	at sun.reflect.GeneratedMethodAccessor3.invoke(Unknown Source)
                        	at sun.reflect.DelegatingMethodAccessorImpl.invoke(DelegatingMethodAccessorImpl.java:43)
                        	at java.lang.reflect.Method.invoke(Method.java:601)
                        	at org.testng.internal.MethodInvocationHelper.invokeMethod(MethodInvocationHelper.java:76)
                        	at org.testng.internal.Invoker.invokeMethod(Invoker.java:673)
                        	at org.testng.internal.Invoker.invokeTestMethod(Invoker.java:846)
                        	at org.testng.internal.Invoker.invokeTestMethods(Invoker.java:1170)
                        	at org.testng.internal.TestMethodWorker.invokeTestMethods(TestMethodWorker.java:125)
                        	at org.testng.internal.TestMethodWorker.run(TestMethodWorker.java:109)
                        	at org.testng.TestRunner.runWorkers(TestRunner.java:1147)
                        	at org.testng.TestRunner.privateRun(TestRunner.java:749)
                        	at org.testng.TestRunner.run(TestRunner.java:600)
                        	at org.testng.SuiteRunner.runTest(SuiteRunner.java:317)
                        	at org.testng.SuiteRunner.runSequentially(SuiteRunner.java:312)
                        	at org.testng.SuiteRunner.privateRun(SuiteRunner.java:274)
                        	at org.testng.SuiteRunner.run(SuiteRunner.java:223)
                        	at org.testng.SuiteRunnerWorker.runSuite(SuiteRunnerWorker.java:52)
                        	at org.testng.SuiteRunnerWorker.run(SuiteRunnerWorker.java:86)
                        	at org.testng.TestNG.runSuitesSequentially(TestNG.java:1039)
                        	at org.testng.TestNG.runSuitesLocally(TestNG.java:964)
                        	at org.testng.TestNG.run(TestNG.java:900)
                        	at org.testng.TestNG.privateMain(TestNG.java:1182)
                        	at org.testng.TestNG.main(TestNG.java:1146)
                     </pre>
                  </div>
               </td>
            </tr>
            <tr id="com.testng3.TestReporter_skipTest_byClass_SKIP8_row"
                class="testMethodStatusSKIP">
               <td width="100%" class="firstMethodCell">
                  <a onclick="toggleDetailsVisibility('com.testng3.TestReporter_skipTest_byClass_SKIP8_details')">skipTest()</a>
               </td>
               <td nowrap="true">02:11:38</td>
               <td nowrap="true" align="right">0 ms
                  
               </td>
               <td nowrap="true">
                  <a onclick="toggleDetailsVisibility('com.testng3.TestReporter_skipTest_byClass_SKIP8_exception')">org.testng.SkipException: </a>
                   
                  
               </td>
            </tr>
            <tr>
               <td colspan="4" class="detailsBox">
                  <div id="com.testng3.TestReporter_skipTest_byClass_SKIP8_details"
                       class="testMethodDetails">
                     <div>
                        <b>Name: </b>skipTest
                     </div>
                     <div>
                        <b>Signature: </b>skipTest()
                     </div>
                     <div>
                        <b>Start time: </b>02:11:38
                     </div>
                     <div>
                        <b>End time: </b>02:11:38
                     </div>
                     <div>
                        <b>Duration: </b>0 ms
                        
                     </div>
                  </div>
               </td>
            </tr>
            <tr>
               <td colspan="4" class="detailsBox">
                  <div id="com.testng3.TestReporter_skipTest_byClass_SKIP8_exception"
                       class="testMethodDetails">
                     <pre style="padding: 5px; margin: 0;">org.testng.SkipException
                        	at com.testng3.TestReporter.skipTest(TestReporter.java:26)
                        	at sun.reflect.NativeMethodAccessorImpl.invoke0(Native Method)
                        	at sun.reflect.NativeMethodAccessorImpl.invoke(NativeMethodAccessorImpl.java:57)
                        	at sun.reflect.DelegatingMethodAccessorImpl.invoke(DelegatingMethodAccessorImpl.java:43)
                        	at java.lang.reflect.Method.invoke(Method.java:601)
                        	at org.testng.internal.MethodInvocationHelper.invokeMethod(MethodInvocationHelper.java:76)
                        	at org.testng.internal.Invoker.invokeMethod(Invoker.java:673)
                        	at org.testng.internal.Invoker.invokeTestMethod(Invoker.java:846)
                        	at org.testng.internal.Invoker.invokeTestMethods(Invoker.java:1170)
                        	at org.testng.internal.TestMethodWorker.invokeTestMethods(TestMethodWorker.java:125)
                        	at org.testng.internal.TestMethodWorker.run(TestMethodWorker.java:109)
                        	at org.testng.TestRunner.runWorkers(TestRunner.java:1147)
                        	at org.testng.TestRunner.privateRun(TestRunner.java:749)
                        	at org.testng.TestRunner.run(TestRunner.java:600)
                        	at org.testng.SuiteRunner.runTest(SuiteRunner.java:317)
                        	at org.testng.SuiteRunner.runSequentially(SuiteRunner.java:312)
                        	at org.testng.SuiteRunner.privateRun(SuiteRunner.java:274)
                        	at org.testng.SuiteRunner.run(SuiteRunner.java:223)
                        	at org.testng.SuiteRunnerWorker.runSuite(SuiteRunnerWorker.java:52)
                        	at org.testng.SuiteRunnerWorker.run(SuiteRunnerWorker.java:86)
                        	at org.testng.TestNG.runSuitesSequentially(TestNG.java:1039)
                        	at org.testng.TestNG.runSuitesLocally(TestNG.java:964)
                        	at org.testng.TestNG.run(TestNG.java:900)
                        	at org.testng.TestNG.privateMain(TestNG.java:1182)
                        	at org.testng.TestNG.main(TestNG.java:1146)
                     </pre>
                  </div>
               </td>
            </tr>
            <tr id="com.testng3.TestReporter_passedTest_byClass_FAIL9_row"
                class="testMethodStatusFAIL">
               <td width="100%" class="firstMethodCell">
                  <a onclick="toggleDetailsVisibility('com.testng3.TestReporter_passedTest_byClass_FAIL9_details')">passedTest()</a>
               </td>
               <td nowrap="true">02:11:38</td>
               <td nowrap="true" align="right">0 ms
                  
               </td>
               <td nowrap="true">
                  <a onclick="toggleDetailsVisibility('com.testng3.TestReporter_passedTest_byClass_FAIL9_exception')">junit.framework.ComparisonFailure: 
                     expected:&lt;Hi[]&gt; but was:&lt;Hi[i]&gt;
                     
                  </a>
                   
                  
               </td>
            </tr>
            <tr>
               <td colspan="4" class="detailsBox">
                  <div id="com.testng3.TestReporter_passedTest_byClass_FAIL9_details"
                       class="testMethodDetails">
                     <div>
                        <b>Name: </b>passedTest
                     </div>
                     <div>
                        <b>Signature: </b>passedTest()
                     </div>
                     <div>
                        <b>Start time: </b>02:11:38
                     </div>
                     <div>
                        <b>End time: </b>02:11:38
                     </div>
                     <div>
                        <b>Duration: </b>0 ms
                        
                     </div>
                  </div>
               </td>
            </tr>
            <tr>
               <td colspan="4" class="detailsBox">
                  <div id="com.testng3.TestReporter_passedTest_byClass_FAIL9_exception"
                       class="testMethodDetails">
                     <pre style="padding: 5px; margin: 0;">junit.framework.ComparisonFailure: expected:&lt;Hi[]&gt; but was:&lt;Hi[i]&gt;
                        	at junit.framework.Assert.assertEquals(Assert.java:85)
                        	at junit.framework.Assert.assertEquals(Assert.java:91)
                        	at com.testng3.TestReporter.passedTest(TestReporter.java:14)
                        	at sun.reflect.NativeMethodAccessorImpl.invoke0(Native Method)
                        	at sun.reflect.NativeMethodAccessorImpl.invoke(NativeMethodAccessorImpl.java:57)
                        	at sun.reflect.DelegatingMethodAccessorImpl.invoke(DelegatingMethodAccessorImpl.java:43)
                        	at java.lang.reflect.Method.invoke(Method.java:601)
                        	at org.testng.internal.MethodInvocationHelper.invokeMethod(MethodInvocationHelper.java:76)
                        	at org.testng.internal.Invoker.invokeMethod(Invoker.java:673)
                        	at org.testng.internal.Invoker.invokeTestMethod(Invoker.java:846)
                        	at org.testng.internal.Invoker.invokeTestMethods(Invoker.java:1170)
                        	at org.testng.internal.TestMethodWorker.invokeTestMethods(TestMethodWorker.java:125)
                        	at org.testng.internal.TestMethodWorker.run(TestMethodWorker.java:109)
                        	at org.testng.TestRunner.runWorkers(TestRunner.java:1147)
                        	at org.testng.TestRunner.privateRun(TestRunner.java:749)
                        	at org.testng.TestRunner.run(TestRunner.java:600)
                        	at org.testng.SuiteRunner.runTest(SuiteRunner.java:317)
                        	at org.testng.SuiteRunner.runSequentially(SuiteRunner.java:312)
                        	at org.testng.SuiteRunner.privateRun(SuiteRunner.java:274)
                        	at org.testng.SuiteRunner.run(SuiteRunner.java:223)
                        	at org.testng.SuiteRunnerWorker.runSuite(SuiteRunnerWorker.java:52)
                        	at org.testng.SuiteRunnerWorker.run(SuiteRunnerWorker.java:86)
                        	at org.testng.TestNG.runSuitesSequentially(TestNG.java:1039)
                        	at org.testng.TestNG.runSuitesLocally(TestNG.java:964)
                        	at org.testng.TestNG.run(TestNG.java:900)
                        	at org.testng.TestNG.privateMain(TestNG.java:1182)
                        	at org.testng.TestNG.main(TestNG.java:1146)
                     </pre>
                  </div>
               </td>
            </tr>
            <tr id="com.testng3.TestReporter_passedTest_byClass_FAIL10_row"
                class="testMethodStatusFAIL">
               <td width="100%" class="firstMethodCell">
                  <a onclick="toggleDetailsVisibility('com.testng3.TestReporter_passedTest_byClass_FAIL10_details')">passedTest()</a>
               </td>
               <td nowrap="true">02:11:38</td>
               <td nowrap="true" align="right">0 ms
                  
               </td>
               <td nowrap="true">
                  <a onclick="toggleDetailsVisibility('com.testng3.TestReporter_passedTest_byClass_FAIL10_exception')">junit.framework.ComparisonFailure: 
                     expected:&lt;Hi[]&gt; but was:&lt;Hi[i]&gt;
                     
                  </a>
                   
                  
               </td>
            </tr>
            <tr>
               <td colspan="4" class="detailsBox">
                  <div id="com.testng3.TestReporter_passedTest_byClass_FAIL10_details"
                       class="testMethodDetails">
                     <div>
                        <b>Name: </b>passedTest
                     </div>
                     <div>
                        <b>Signature: </b>passedTest()
                     </div>
                     <div>
                        <b>Start time: </b>02:11:38
                     </div>
                     <div>
                        <b>End time: </b>02:11:38
                     </div>
                     <div>
                        <b>Duration: </b>0 ms
                        
                     </div>
                  </div>
               </td>
            </tr>
            <tr>
               <td colspan="4" class="detailsBox">
                  <div id="com.testng3.TestReporter_passedTest_byClass_FAIL10_exception"
                       class="testMethodDetails">
                     <pre style="padding: 5px; margin: 0;">junit.framework.ComparisonFailure: expected:&lt;Hi[]&gt; but was:&lt;Hi[i]&gt;
                        	at junit.framework.Assert.assertEquals(Assert.java:85)
                        	at junit.framework.Assert.assertEquals(Assert.java:91)
                        	at com.testng3.TestReporter.passedTest(TestReporter.java:14)
                        	at sun.reflect.GeneratedMethodAccessor3.invoke(Unknown Source)
                        	at sun.reflect.DelegatingMethodAccessorImpl.invoke(DelegatingMethodAccessorImpl.java:43)
                        	at java.lang.reflect.Method.invoke(Method.java:601)
                        	at org.testng.internal.MethodInvocationHelper.invokeMethod(MethodInvocationHelper.java:76)
                        	at org.testng.internal.Invoker.invokeMethod(Invoker.java:673)
                        	at org.testng.internal.Invoker.invokeTestMethod(Invoker.java:846)
                        	at org.testng.internal.Invoker.invokeTestMethods(Invoker.java:1170)
                        	at org.testng.internal.TestMethodWorker.invokeTestMethods(TestMethodWorker.java:125)
                        	at org.testng.internal.TestMethodWorker.run(TestMethodWorker.java:109)
                        	at org.testng.TestRunner.runWorkers(TestRunner.java:1147)
                        	at org.testng.TestRunner.privateRun(TestRunner.java:749)
                        	at org.testng.TestRunner.run(TestRunner.java:600)
                        	at org.testng.SuiteRunner.runTest(SuiteRunner.java:317)
                        	at org.testng.SuiteRunner.runSequentially(SuiteRunner.java:312)
                        	at org.testng.SuiteRunner.privateRun(SuiteRunner.java:274)
                        	at org.testng.SuiteRunner.run(SuiteRunner.java:223)
                        	at org.testng.SuiteRunnerWorker.runSuite(SuiteRunnerWorker.java:52)
                        	at org.testng.SuiteRunnerWorker.run(SuiteRunnerWorker.java:86)
                        	at org.testng.TestNG.runSuitesSequentially(TestNG.java:1039)
                        	at org.testng.TestNG.runSuitesLocally(TestNG.java:964)
                        	at org.testng.TestNG.run(TestNG.java:900)
                        	at org.testng.TestNG.privateMain(TestNG.java:1182)
                        	at org.testng.TestNG.main(TestNG.java:1146)
                     </pre>
                  </div>
               </td>
            </tr>
            <tr id="com.testng3.TestReporter_passedTest_byClass_FAIL11_row"
                class="testMethodStatusFAIL">
               <td width="100%" class="firstMethodCell">
                  <a onclick="toggleDetailsVisibility('com.testng3.TestReporter_passedTest_byClass_FAIL11_details')">passedTest()</a>
               </td>
               <td nowrap="true">02:11:38</td>
               <td nowrap="true" align="right">0 ms
                  
               </td>
               <td nowrap="true">
                  <a onclick="toggleDetailsVisibility('com.testng3.TestReporter_passedTest_byClass_FAIL11_exception')">junit.framework.ComparisonFailure: 
                     expected:&lt;Hi[]&gt; but was:&lt;Hi[i]&gt;
                     
                  </a>
                   
                  
               </td>
            </tr>
            <tr>
               <td colspan="4" class="detailsBox">
                  <div id="com.testng3.TestReporter_passedTest_byClass_FAIL11_details"
                       class="testMethodDetails">
                     <div>
                        <b>Name: </b>passedTest
                     </div>
                     <div>
                        <b>Signature: </b>passedTest()
                     </div>
                     <div>
                        <b>Start time: </b>02:11:38
                     </div>
                     <div>
                        <b>End time: </b>02:11:38
                     </div>
                     <div>
                        <b>Duration: </b>0 ms
                        
                     </div>
                  </div>
               </td>
            </tr>
            <tr>
               <td colspan="4" class="detailsBox">
                  <div id="com.testng3.TestReporter_passedTest_byClass_FAIL11_exception"
                       class="testMethodDetails">
                     <pre style="padding: 5px; margin: 0;">junit.framework.ComparisonFailure: expected:&lt;Hi[]&gt; but was:&lt;Hi[i]&gt;
                        	at junit.framework.Assert.assertEquals(Assert.java:85)
                        	at junit.framework.Assert.assertEquals(Assert.java:91)
                        	at com.testng3.TestReporter.passedTest(TestReporter.java:14)
                        	at sun.reflect.NativeMethodAccessorImpl.invoke0(Native Method)
                        	at sun.reflect.NativeMethodAccessorImpl.invoke(NativeMethodAccessorImpl.java:57)
                        	at sun.reflect.DelegatingMethodAccessorImpl.invoke(DelegatingMethodAccessorImpl.java:43)
                        	at java.lang.reflect.Method.invoke(Method.java:601)
                        	at org.testng.internal.MethodInvocationHelper.invokeMethod(MethodInvocationHelper.java:76)
                        	at org.testng.internal.Invoker.invokeMethod(Invoker.java:673)
                        	at org.testng.internal.Invoker.invokeTestMethod(Invoker.java:846)
                        	at org.testng.internal.Invoker.invokeTestMethods(Invoker.java:1170)
                        	at org.testng.internal.TestMethodWorker.invokeTestMethods(TestMethodWorker.java:125)
                        	at org.testng.internal.TestMethodWorker.run(TestMethodWorker.java:109)
                        	at org.testng.TestRunner.runWorkers(TestRunner.java:1147)
                        	at org.testng.TestRunner.privateRun(TestRunner.java:749)
                        	at org.testng.TestRunner.run(TestRunner.java:600)
                        	at org.testng.SuiteRunner.runTest(SuiteRunner.java:317)
                        	at org.testng.SuiteRunner.runSequentially(SuiteRunner.java:312)
                        	at org.testng.SuiteRunner.privateRun(SuiteRunner.java:274)
                        	at org.testng.SuiteRunner.run(SuiteRunner.java:223)
                        	at org.testng.SuiteRunnerWorker.runSuite(SuiteRunnerWorker.java:52)
                        	at org.testng.SuiteRunnerWorker.run(SuiteRunnerWorker.java:86)
                        	at org.testng.TestNG.runSuitesSequentially(TestNG.java:1039)
                        	at org.testng.TestNG.runSuitesLocally(TestNG.java:964)
                        	at org.testng.TestNG.run(TestNG.java:900)
                        	at org.testng.TestNG.privateMain(TestNG.java:1182)
                        	at org.testng.TestNG.main(TestNG.java:1146)
                     </pre>
                  </div>
               </td>
            </tr>
            <tr id="com.testng3.TestReporter_passedTest_byClass_FAIL12_row"
                class="testMethodStatusFAIL">
               <td width="100%" class="firstMethodCell">
                  <a onclick="toggleDetailsVisibility('com.testng3.TestReporter_passedTest_byClass_FAIL12_details')">passedTest()</a>
               </td>
               <td nowrap="true">02:11:38</td>
               <td nowrap="true" align="right">0 ms
                  
               </td>
               <td nowrap="true">
                  <a onclick="toggleDetailsVisibility('com.testng3.TestReporter_passedTest_byClass_FAIL12_exception')">junit.framework.ComparisonFailure: 
                     expected:&lt;Hi[]&gt; but was:&lt;Hi[i]&gt;
                     
                  </a>
                   
                  
               </td>
            </tr>
            <tr>
               <td colspan="4" class="detailsBox">
                  <div id="com.testng3.TestReporter_passedTest_byClass_FAIL12_details"
                       class="testMethodDetails">
                     <div>
                        <b>Name: </b>passedTest
                     </div>
                     <div>
                        <b>Signature: </b>passedTest()
                     </div>
                     <div>
                        <b>Start time: </b>02:11:38
                     </div>
                     <div>
                        <b>End time: </b>02:11:38
                     </div>
                     <div>
                        <b>Duration: </b>0 ms
                        
                     </div>
                  </div>
               </td>
            </tr>
            <tr>
               <td colspan="4" class="detailsBox">
                  <div id="com.testng3.TestReporter_passedTest_byClass_FAIL12_exception"
                       class="testMethodDetails">
                     <pre style="padding: 5px; margin: 0;">junit.framework.ComparisonFailure: expected:&lt;Hi[]&gt; but was:&lt;Hi[i]&gt;
                        	at junit.framework.Assert.assertEquals(Assert.java:85)
                        	at junit.framework.Assert.assertEquals(Assert.java:91)
                        	at com.testng3.TestReporter.passedTest(TestReporter.java:14)
                        	at sun.reflect.GeneratedMethodAccessor3.invoke(Unknown Source)
                        	at sun.reflect.DelegatingMethodAccessorImpl.invoke(DelegatingMethodAccessorImpl.java:43)
                        	at java.lang.reflect.Method.invoke(Method.java:601)
                        	at org.testng.internal.MethodInvocationHelper.invokeMethod(MethodInvocationHelper.java:76)
                        	at org.testng.internal.Invoker.invokeMethod(Invoker.java:673)
                        	at org.testng.internal.Invoker.invokeTestMethod(Invoker.java:846)
                        	at org.testng.internal.Invoker.invokeTestMethods(Invoker.java:1170)
                        	at org.testng.internal.TestMethodWorker.invokeTestMethods(TestMethodWorker.java:125)
                        	at org.testng.internal.TestMethodWorker.run(TestMethodWorker.java:109)
                        	at org.testng.TestRunner.runWorkers(TestRunner.java:1147)
                        	at org.testng.TestRunner.privateRun(TestRunner.java:749)
                        	at org.testng.TestRunner.run(TestRunner.java:600)
                        	at org.testng.SuiteRunner.runTest(SuiteRunner.java:317)
                        	at org.testng.SuiteRunner.runSequentially(SuiteRunner.java:312)
                        	at org.testng.SuiteRunner.privateRun(SuiteRunner.java:274)
                        	at org.testng.SuiteRunner.run(SuiteRunner.java:223)
                        	at org.testng.SuiteRunnerWorker.runSuite(SuiteRunnerWorker.java:52)
                        	at org.testng.SuiteRunnerWorker.run(SuiteRunnerWorker.java:86)
                        	at org.testng.TestNG.runSuitesSequentially(TestNG.java:1039)
                        	at org.testng.TestNG.runSuitesLocally(TestNG.java:964)
                        	at org.testng.TestNG.run(TestNG.java:900)
                        	at org.testng.TestNG.privateMain(TestNG.java:1182)
                        	at org.testng.TestNG.main(TestNG.java:1146)
                     </pre>
                  </div>
               </td>
            </tr>
         </table>
         <br></br>
      </div>
      <div style="margin-top: 15px; color: gray; text-align: center; font-size: 9px;">
         Generated with
         
         <a href="http://code.google.com/p/testng-xslt/" style="color: #8888aa;"
            target="_blank">
            TestNG XSLT
            
         </a>
      </div>
   </body>
</html>