<?xml version="1.0" encoding="UTF-8"?>
<!-- Generated by org.testng.reporters.JUnitXMLReporter -->
<testsuite hostname="RV-PC" name="Test1" tests="86" failures="11" timestamp="17 Dec 2012 18:59:52 GMT" time="0.171" errors="0">
  <testcase name="abc" time="0.0" classname="com.testng3.ClassLevelAnnotation"/>
  <testcase name="abc" time="0.0" classname="com.testng3.ClassLevelAnnotation"/>
  <testcase name="abc" time="0.016" classname="com.testng3.ClassLevelAnnotation"/>
  <testcase name="abc" time="0.0" classname="com.testng3.ClassLevelAnnotation"/>
  <testcase name="abc" time="0.0" classname="com.testng3.ClassLevelAnnotation"/>
  <testcase name="abc" time="0.0" classname="com.testng3.ClassLevelAnnotation"/>
  <testcase name="abc" time="0.0" classname="com.testng3.ClassLevelAnnotation"/>
  <testcase name="abc" time="0.0" classname="com.testng3.ClassLevelAnnotation"/>
  <testcase name="abc" time="0.0" classname="com.testng3.ClassLevelAnnotation"/>
  <testcase name="abc" time="0.0" classname="com.testng3.ClassLevelAnnotation"/>
  <testcase name="xyz" time="0.0" classname="com.testng3.ClassLevelAnnotation"/>
  <testcase name="xyz" time="0.0" classname="com.testng3.ClassLevelAnnotation"/>
  <testcase name="xyz" time="0.0" classname="com.testng3.ClassLevelAnnotation"/>
  <testcase name="xyz" time="0.0" classname="com.testng3.ClassLevelAnnotation"/>
  <testcase name="xyz" time="0.0" classname="com.testng3.ClassLevelAnnotation"/>
  <testcase name="xyz" time="0.0" classname="com.testng3.ClassLevelAnnotation"/>
  <testcase name="xyz" time="0.0" classname="com.testng3.ClassLevelAnnotation"/>
  <testcase name="xyz" time="0.0" classname="com.testng3.ClassLevelAnnotation"/>
  <testcase name="xyz" time="0.0" classname="com.testng3.ClassLevelAnnotation"/>
  <testcase name="xyz" time="0.0" classname="com.testng3.ClassLevelAnnotation"/>
  <testcase name="abc3" time="0.0" classname="com.testng1.BeanShell"/>
  <testcase name="abc2" time="0.0" classname="com.testng1.BeanShell"/>
  <testcase name="abc1" time="0.0" classname="com.testng1.BeanShell"/>
  <testcase name="B3" time="0.0" classname="com.testng1.ClassA"/>
  <testcase name="B4" time="0.0" classname="com.testng1.ClassA"/>
  <testcase name="B2" time="0.0" classname="com.testng1.ClassA"/>
  <testcase name="Test" time="0.0" classname="com.testng.factory.FactoryClassB"/>
  <testcase name="Test" time="0.0" classname="com.testng.factory.FactoryClassB"/>
  <testcase name="Test" time="0.0" classname="com.testng.factory.FactoryClassB"/>
  <testcase name="Test" time="0.0" classname="com.testng.factory.FactoryClassB"/>
  <testcase name="Test" time="0.0" classname="com.testng.factory.FactoryClassB"/>
  <testcase name="testServer" time="0.016" classname="com.testng.factory.TestClass"/>
  <testcase name="testServer" time="0.0" classname="com.testng.factory.TestClass"/>
  <testcase name="testServer" time="0.0" classname="com.testng.factory.TestClass"/>
  <testcase name="skipTest" time="0.0" classname="com.testng3.TestReporter">
    <skipped/>
  </testcase> <!-- skipTest -->
  <testcase name="passedTest" time="0.0" classname="com.testng3.TestReporter">
    <failure type="junit.framework.ComparisonFailure" message="null expected:&amp;lt;Hi[]&amp;gt; but was:&amp;lt;Hi[i]&amp;gt;">
      <![CDATA[junit.framework.ComparisonFailure: null expected:<Hi[]> but was:<Hi[i]>
	at junit.framework.Assert.assertEquals(Assert.java:81)
	at junit.framework.Assert.assertEquals(Assert.java:87)
	at com.testng3.TestReporter.passedTest(TestReporter.java:14)
... Removed 24 stack frames]]>
    </failure>
  </testcase> <!-- passedTest -->
  <testcase name="passedTest" time="0.0" classname="com.testng3.TestReporter">
    <failure type="junit.framework.ComparisonFailure" message="null expected:&amp;lt;Hi[]&amp;gt; but was:&amp;lt;Hi[i]&amp;gt;">
      <![CDATA[junit.framework.ComparisonFailure: null expected:<Hi[]> but was:<Hi[i]>
	at junit.framework.Assert.assertEquals(Assert.java:81)
	at junit.framework.Assert.assertEquals(Assert.java:87)
	at com.testng3.TestReporter.passedTest(TestReporter.java:14)
... Removed 24 stack frames]]>
    </failure>
  </testcase> <!-- passedTest -->
  <testcase name="passedTest" time="0.0" classname="com.testng3.TestReporter">
    <failure type="junit.framework.ComparisonFailure" message="null expected:&amp;lt;Hi[]&amp;gt; but was:&amp;lt;Hi[i]&amp;gt;">
      <![CDATA[junit.framework.ComparisonFailure: null expected:<Hi[]> but was:<Hi[i]>
	at junit.framework.Assert.assertEquals(Assert.java:81)
	at junit.framework.Assert.assertEquals(Assert.java:87)
	at com.testng3.TestReporter.passedTest(TestReporter.java:14)
... Removed 24 stack frames]]>
    </failure>
  </testcase> <!-- passedTest -->
  <testcase name="passedTest" time="0.0" classname="com.testng3.TestReporter">
    <failure type="junit.framework.ComparisonFailure" message="null expected:&amp;lt;Hi[]&amp;gt; but was:&amp;lt;Hi[i]&amp;gt;">
      <![CDATA[junit.framework.ComparisonFailure: null expected:<Hi[]> but was:<Hi[i]>
	at junit.framework.Assert.assertEquals(Assert.java:81)
	at junit.framework.Assert.assertEquals(Assert.java:87)
	at com.testng3.TestReporter.passedTest(TestReporter.java:14)
... Removed 24 stack frames]]>
    </failure>
  </testcase> <!-- passedTest -->
  <testcase name="passedTest" time="0.0" classname="com.testng3.TestReporter">
    <failure type="junit.framework.ComparisonFailure" message="null expected:&amp;lt;Hi[]&amp;gt; but was:&amp;lt;Hi[i]&amp;gt;">
      <![CDATA[junit.framework.ComparisonFailure: null expected:<Hi[]> but was:<Hi[i]>
	at junit.framework.Assert.assertEquals(Assert.java:81)
	at junit.framework.Assert.assertEquals(Assert.java:87)
	at com.testng3.TestReporter.passedTest(TestReporter.java:14)
... Removed 24 stack frames]]>
    </failure>
  </testcase> <!-- passedTest -->
  <testcase name="passedTest" time="0.0" classname="com.testng3.TestReporter">
    <failure type="junit.framework.ComparisonFailure" message="null expected:&amp;lt;Hi[]&amp;gt; but was:&amp;lt;Hi[i]&amp;gt;">
      <![CDATA[junit.framework.ComparisonFailure: null expected:<Hi[]> but was:<Hi[i]>
	at junit.framework.Assert.assertEquals(Assert.java:81)
	at junit.framework.Assert.assertEquals(Assert.java:87)
	at com.testng3.TestReporter.passedTest(TestReporter.java:14)
... Removed 24 stack frames]]>
    </failure>
  </testcase> <!-- passedTest -->
  <testcase name="passedTest" time="0.0" classname="com.testng3.TestReporter">
    <failure type="junit.framework.ComparisonFailure" message="null expected:&amp;lt;Hi[]&amp;gt; but was:&amp;lt;Hi[i]&amp;gt;">
      <![CDATA[junit.framework.ComparisonFailure: null expected:<Hi[]> but was:<Hi[i]>
	at junit.framework.Assert.assertEquals(Assert.java:81)
	at junit.framework.Assert.assertEquals(Assert.java:87)
	at com.testng3.TestReporter.passedTest(TestReporter.java:14)
... Removed 24 stack frames]]>
    </failure>
  </testcase> <!-- passedTest -->
  <testcase name="passedTest" time="0.0" classname="com.testng3.TestReporter">
    <failure type="junit.framework.ComparisonFailure" message="null expected:&amp;lt;Hi[]&amp;gt; but was:&amp;lt;Hi[i]&amp;gt;">
      <![CDATA[junit.framework.ComparisonFailure: null expected:<Hi[]> but was:<Hi[i]>
	at junit.framework.Assert.assertEquals(Assert.java:81)
	at junit.framework.Assert.assertEquals(Assert.java:87)
	at com.testng3.TestReporter.passedTest(TestReporter.java:14)
... Removed 24 stack frames]]>
    </failure>
  </testcase> <!-- passedTest -->
  <testcase name="passedTest" time="0.0" classname="com.testng3.TestReporter">
    <failure type="junit.framework.ComparisonFailure" message="null expected:&amp;lt;Hi[]&amp;gt; but was:&amp;lt;Hi[i]&amp;gt;">
      <![CDATA[junit.framework.ComparisonFailure: null expected:<Hi[]> but was:<Hi[i]>
	at junit.framework.Assert.assertEquals(Assert.java:81)
	at junit.framework.Assert.assertEquals(Assert.java:87)
	at com.testng3.TestReporter.passedTest(TestReporter.java:14)
... Removed 24 stack frames]]>
    </failure>
  </testcase> <!-- passedTest -->
  <testcase name="passedTest" time="0.0" classname="com.testng3.TestReporter">
    <failure type="junit.framework.ComparisonFailure" message="null expected:&amp;lt;Hi[]&amp;gt; but was:&amp;lt;Hi[i]&amp;gt;">
      <![CDATA[junit.framework.ComparisonFailure: null expected:<Hi[]> but was:<Hi[i]>
	at junit.framework.Assert.assertEquals(Assert.java:81)
	at junit.framework.Assert.assertEquals(Assert.java:87)
	at com.testng3.TestReporter.passedTest(TestReporter.java:14)
... Removed 24 stack frames]]>
    </failure>
  </testcase> <!-- passedTest -->
  <testcase name="failedTest" time="0.0" classname="com.testng3.TestReporter"/>
  <testcase name="check" time="0.0" classname="com.testng2.ClassJ"/>
  <testcase name="check" time="0.0" classname="com.testng2.ClassJ"/>
  <testcase name="check" time="0.0" classname="com.testng2.ClassJ"/>
  <testcase name="check" time="0.0" classname="com.testng2.ClassJ"/>
  <testcase name="check" time="0.0" classname="com.testng2.ClassJ"/>
  <testcase name="check" time="0.0" classname="com.testng2.ClassJ"/>
  <testcase name="check" time="0.0" classname="com.testng2.ClassJ"/>
  <testcase name="check" time="0.0" classname="com.testng2.ClassJ"/>
  <testcase name="check" time="0.0" classname="com.testng2.ClassJ"/>
  <testcase name="check" time="0.0" classname="com.testng2.ClassJ"/>
  <testcase name="verifyData1" time="0.0" classname="com.testng2.ClassL"/>
  <testcase name="verifyData1" time="0.0" classname="com.testng2.ClassL"/>
  <testcase name="verifyData1" time="0.0" classname="com.testng2.ClassL"/>
  <testcase name="verifyData1" time="0.0" classname="com.testng2.ClassL"/>
  <testcase name="testingOne" time="0.0" classname="com.testng.test.Annotations"/>
  <testcase name="testingTwo" time="0.016" classname="com.testng.test.Annotations"/>
  <testcase name="testingThree" time="0.0" classname="com.testng.test.Annotations"/>
  <testcase name="testMethod1" time="0.0" classname="com.testng2.ClassD"/>
  <testcase name="testMethod2" time="0.0" classname="com.testng2.ClassD"/>
  <testcase name="testMethod3" time="0.0" classname="com.testng2.ClassD"/>
  <testcase name="testMethod4" time="0.0" classname="com.testng2.ClassD"/>
  <testcase name="B1" time="0.0" classname="com.testng1.ClassB"/>
  <testcase name="B3" time="0.0" classname="com.testng1.ClassB"/>
  <testcase name="F" time="0.0" classname="com.testng2.ClassF"/>
  <testcase name="F" time="0.0" classname="com.testng2.ClassF"/>
  <testcase name="F" time="0.0" classname="com.testng2.ClassF"/>
  <testcase name="F" time="0.0" classname="com.testng2.ClassF"/>
  <testcase name="F" time="0.0" classname="com.testng2.ClassF"/>
  <testcase name="F" time="0.0" classname="com.testng2.ClassF"/>
  <testcase name="F" time="0.0" classname="com.testng2.ClassF"/>
  <testcase name="F" time="0.0" classname="com.testng2.ClassF"/>
  <testcase name="F" time="0.0" classname="com.testng2.ClassF"/>
  <testcase name="F" time="0.0" classname="com.testng2.ClassF"/>
  <testcase name="abc" time="0.0" classname="com.testng2.ClassE"/>
  <testcase name="b" time="0.0" classname="com.testng2.ClassE"/>
  <testcase name="xyz" time="0.0" classname="com.testng3.Parameterization"/>
  <testcase name="xyz" time="0.0" classname="com.testng3.Parameterization"/>
  <testcase name="def" time="0.0" classname="com.testng2.ClassE"/>
  <testcase name="A" time="0.015" classname="com.testng2.ClassG">
    <failure type="java.lang.AssertionError" message="expected [0] but found [1]">
      <![CDATA[java.lang.AssertionError: expected [0] but found [1]
	at com.testng2.ClassG.A(ClassG.java:12)
... Removed 29 stack frames]]>
    </failure>
  </testcase> <!-- A -->
  <testcase name="B" time="0.0" classname="com.testng2.ClassG"/>
</testsuite> <!-- Test1 -->
