<?xml version="1.0" encoding="UTF-8"?>
<!-- Generated by org.testng.reporters.JUnitXMLReporter -->
<testsuite hostname="RV-PC" name="Test6" tests="2" failures="1" timestamp="15 Dec 2012 11:24:58 GMT" time="0.0" errors="0">
  <testcase name="main_function" time="0.0" classname="com.testng3.DependOnMethod">
    <failure type="java.lang.AssertionError" message="expected [subrahmanyam1] but found [subrahmanyam]">
      <![CDATA[java.lang.AssertionError: expected [subrahmanyam1] but found [subrahmanyam]
	at com.testng3.DependOnMethod.main_function(DependOnMethod.java:16)
... Removed 29 stack frames]]>
    </failure>
  </testcase> <!-- main_function -->
  <testcase name="sub_function" time="0.0" classname="com.testng3.DependOnMethod">
    <skipped/>
  </testcase> <!-- sub_function -->
</testsuite> <!-- Test6 -->
