<?xml version="1.0" encoding="UTF-8"?>
<!-- Generated by org.testng.reporters.JUnitXMLReporter -->
<testsuite hostname="RV-PC" name="Test16" tests="12" failures="10" timestamp="15 Dec 2012 11:24:58 GMT" time="0.01" errors="0">
  <testcase name="failedTest" time="0.0" classname="com.testng3.TestReporter"/>
  <testcase name="passedTest" time="0.0" classname="com.testng3.TestReporter">
    <failure type="junit.framework.ComparisonFailure" message="null expected:&amp;lt;Hi[]&amp;gt; but was:&amp;lt;Hi[i]&amp;gt;">
      <![CDATA[junit.framework.ComparisonFailure: null expected:<Hi[]> but was:<Hi[i]>
	at junit.framework.Assert.assertEquals(Assert.java:81)
	at junit.framework.Assert.assertEquals(Assert.java:87)
	at com.testng3.TestReporter.passedTest(TestReporter.java:14)
... Removed 24 stack frames]]>
    </failure>
  </testcase> <!-- passedTest -->
  <testcase name="passedTest" time="0.0" classname="com.testng3.TestReporter">
    <failure type="junit.framework.ComparisonFailure" message="null expected:&amp;lt;Hi[]&amp;gt; but was:&amp;lt;Hi[i]&amp;gt;">
      <![CDATA[junit.framework.ComparisonFailure: null expected:<Hi[]> but was:<Hi[i]>
	at junit.framework.Assert.assertEquals(Assert.java:81)
	at junit.framework.Assert.assertEquals(Assert.java:87)
	at com.testng3.TestReporter.passedTest(TestReporter.java:14)
... Removed 24 stack frames]]>
    </failure>
  </testcase> <!-- passedTest -->
  <testcase name="passedTest" time="0.01" classname="com.testng3.TestReporter">
    <failure type="junit.framework.ComparisonFailure" message="null expected:&amp;lt;Hi[]&amp;gt; but was:&amp;lt;Hi[i]&amp;gt;">
      <![CDATA[junit.framework.ComparisonFailure: null expected:<Hi[]> but was:<Hi[i]>
	at junit.framework.Assert.assertEquals(Assert.java:81)
	at junit.framework.Assert.assertEquals(Assert.java:87)
	at com.testng3.TestReporter.passedTest(TestReporter.java:14)
... Removed 24 stack frames]]>
    </failure>
  </testcase> <!-- passedTest -->
  <testcase name="passedTest" time="0.0" classname="com.testng3.TestReporter">
    <failure type="junit.framework.ComparisonFailure" message="null expected:&amp;lt;Hi[]&amp;gt; but was:&amp;lt;Hi[i]&amp;gt;">
      <![CDATA[junit.framework.ComparisonFailure: null expected:<Hi[]> but was:<Hi[i]>
	at junit.framework.Assert.assertEquals(Assert.java:81)
	at junit.framework.Assert.assertEquals(Assert.java:87)
	at com.testng3.TestReporter.passedTest(TestReporter.java:14)
... Removed 24 stack frames]]>
    </failure>
  </testcase> <!-- passedTest -->
  <testcase name="passedTest" time="0.0" classname="com.testng3.TestReporter">
    <failure type="junit.framework.ComparisonFailure" message="null expected:&amp;lt;Hi[]&amp;gt; but was:&amp;lt;Hi[i]&amp;gt;">
      <![CDATA[junit.framework.ComparisonFailure: null expected:<Hi[]> but was:<Hi[i]>
	at junit.framework.Assert.assertEquals(Assert.java:81)
	at junit.framework.Assert.assertEquals(Assert.java:87)
	at com.testng3.TestReporter.passedTest(TestReporter.java:14)
... Removed 24 stack frames]]>
    </failure>
  </testcase> <!-- passedTest -->
  <testcase name="passedTest" time="0.0" classname="com.testng3.TestReporter">
    <failure type="junit.framework.ComparisonFailure" message="null expected:&amp;lt;Hi[]&amp;gt; but was:&amp;lt;Hi[i]&amp;gt;">
      <![CDATA[junit.framework.ComparisonFailure: null expected:<Hi[]> but was:<Hi[i]>
	at junit.framework.Assert.assertEquals(Assert.java:81)
	at junit.framework.Assert.assertEquals(Assert.java:87)
	at com.testng3.TestReporter.passedTest(TestReporter.java:14)
... Removed 24 stack frames]]>
    </failure>
  </testcase> <!-- passedTest -->
  <testcase name="passedTest" time="0.0" classname="com.testng3.TestReporter">
    <failure type="junit.framework.ComparisonFailure" message="null expected:&amp;lt;Hi[]&amp;gt; but was:&amp;lt;Hi[i]&amp;gt;">
      <![CDATA[junit.framework.ComparisonFailure: null expected:<Hi[]> but was:<Hi[i]>
	at junit.framework.Assert.assertEquals(Assert.java:81)
	at junit.framework.Assert.assertEquals(Assert.java:87)
	at com.testng3.TestReporter.passedTest(TestReporter.java:14)
... Removed 23 stack frames]]>
    </failure>
  </testcase> <!-- passedTest -->
  <testcase name="passedTest" time="0.0" classname="com.testng3.TestReporter">
    <failure type="junit.framework.ComparisonFailure" message="null expected:&amp;lt;Hi[]&amp;gt; but was:&amp;lt;Hi[i]&amp;gt;">
      <![CDATA[junit.framework.ComparisonFailure: null expected:<Hi[]> but was:<Hi[i]>
	at junit.framework.Assert.assertEquals(Assert.java:81)
	at junit.framework.Assert.assertEquals(Assert.java:87)
	at com.testng3.TestReporter.passedTest(TestReporter.java:14)
... Removed 23 stack frames]]>
    </failure>
  </testcase> <!-- passedTest -->
  <testcase name="passedTest" time="0.0" classname="com.testng3.TestReporter">
    <failure type="junit.framework.ComparisonFailure" message="null expected:&amp;lt;Hi[]&amp;gt; but was:&amp;lt;Hi[i]&amp;gt;">
      <![CDATA[junit.framework.ComparisonFailure: null expected:<Hi[]> but was:<Hi[i]>
	at junit.framework.Assert.assertEquals(Assert.java:81)
	at junit.framework.Assert.assertEquals(Assert.java:87)
	at com.testng3.TestReporter.passedTest(TestReporter.java:14)
... Removed 23 stack frames]]>
    </failure>
  </testcase> <!-- passedTest -->
  <testcase name="passedTest" time="0.0" classname="com.testng3.TestReporter">
    <failure type="junit.framework.ComparisonFailure" message="null expected:&amp;lt;Hi[]&amp;gt; but was:&amp;lt;Hi[i]&amp;gt;">
      <![CDATA[junit.framework.ComparisonFailure: null expected:<Hi[]> but was:<Hi[i]>
	at junit.framework.Assert.assertEquals(Assert.java:81)
	at junit.framework.Assert.assertEquals(Assert.java:87)
	at com.testng3.TestReporter.passedTest(TestReporter.java:14)
... Removed 23 stack frames]]>
    </failure>
  </testcase> <!-- passedTest -->
  <testcase name="skipTest" time="0.0" classname="com.testng3.TestReporter">
    <skipped/>
  </testcase> <!-- skipTest -->
</testsuite> <!-- Test16 -->
