<?xml version="1.0" encoding="UTF-8"?>
<!-- Generated by org.testng.reporters.JUnitXMLReporter -->
<testsuite hostname="RV-PC" name="Test1" tests="97" failures="11" timestamp="19 Dec 2012 11:57:28 GMT" time="0.125" errors="0">
  <testcase name="abc1" time="0.0" classname="com.testng1.BeanShell"/>
  <testcase name="abc2" time="0.0" classname="com.testng1.BeanShell"/>
  <testcase name="abc3" time="0.0" classname="com.testng1.BeanShell"/>
  <testcase name="B2" time="0.0" classname="com.testng1.ClassA"/>
  <testcase name="B3" time="0.0" classname="com.testng1.ClassA"/>
  <testcase name="B4" time="0.0" classname="com.testng1.ClassA"/>
  <testcase name="Test" time="0.0" classname="com.testng.factory.FactoryClassB"/>
  <testcase name="Test" time="0.0" classname="com.testng.factory.FactoryClassB"/>
  <testcase name="Test" time="0.0" classname="com.testng.factory.FactoryClassB"/>
  <testcase name="Test" time="0.016" classname="com.testng.factory.FactoryClassB"/>
  <testcase name="Test" time="0.0" classname="com.testng.factory.FactoryClassB"/>
  <testcase name="A" time="0.0" classname="com.testng2.ClassG">
    <failure type="java.lang.AssertionError" message="expected:&amp;lt;0&amp;gt; but was:&amp;lt;1&amp;gt;">
      <![CDATA[java.lang.AssertionError: expected:<0> but was:<1>
	at com.testng2.ClassG.A(ClassG.java:12)
	at org.apache.maven.surefire.testng.TestNGExecutor.run(TestNGExecutor.java:177)
	at org.apache.maven.surefire.testng.TestNGXmlTestSuite.execute(TestNGXmlTestSuite.java:92)
	at org.apache.maven.surefire.testng.TestNGProvider.invoke(TestNGProvider.java:105)
	at org.apache.maven.surefire.util.ReflectionUtils.invokeMethodWithArray(ReflectionUtils.java:189)
	at org.apache.maven.surefire.booter.ProviderFactory$ProviderProxy.invoke(ProviderFactory.java:165)
	at org.apache.maven.surefire.booter.ProviderFactory.invokeProvider(ProviderFactory.java:85)
	at org.apache.maven.surefire.booter.ForkedBooter.runSuitesInProcess(ForkedBooter.java:103)
	at org.apache.maven.surefire.booter.ForkedBooter.main(ForkedBooter.java:74)
... Removed 30 stack frames]]>
    </failure>
  </testcase>
  <testcase name="B" time="0.0" classname="com.testng2.ClassG"/>
  <testcase name="check" time="0.0" classname="com.testng2.ClassJ"/>
  <testcase name="check" time="0.0" classname="com.testng2.ClassJ"/>
  <testcase name="check" time="0.0" classname="com.testng2.ClassJ"/>
  <testcase name="check" time="0.0" classname="com.testng2.ClassJ"/>
  <testcase name="check" time="0.0" classname="com.testng2.ClassJ"/>
  <testcase name="check" time="0.0" classname="com.testng2.ClassJ"/>
  <testcase name="check" time="0.0" classname="com.testng2.ClassJ"/>
  <testcase name="check" time="0.0" classname="com.testng2.ClassJ"/>
  <testcase name="check" time="0.0" classname="com.testng2.ClassJ"/>
  <testcase name="check" time="0.0" classname="com.testng2.ClassJ"/>
  <testcase name="verifyData1" time="0.0" classname="com.testng2.ClassL"/>
  <testcase name="verifyData1" time="0.0" classname="com.testng2.ClassL"/>
  <testcase name="verifyData1" time="0.0" classname="com.testng2.ClassL"/>
  <testcase name="verifyData1" time="0.0" classname="com.testng2.ClassL"/>
  <testcase name="C1" time="0.0" classname="com.testng2.ClassC">
    <skipped/>
  </testcase>
  <testcase name="C1" time="0.0" classname="com.testng2.ClassC">
    <skipped/>
  </testcase>
  <testcase name="C1" time="0.0" classname="com.testng2.ClassC">
    <skipped/>
  </testcase>
  <testcase name="C1" time="0.0" classname="com.testng2.ClassC">
    <skipped/>
  </testcase>
  <testcase name="C1" time="0.0" classname="com.testng2.ClassC">
    <skipped/>
  </testcase>
  <testcase name="C1" time="0.0" classname="com.testng2.ClassC">
    <skipped/>
  </testcase>
  <testcase name="C1" time="0.0" classname="com.testng2.ClassC">
    <skipped/>
  </testcase>
  <testcase name="C1" time="0.0" classname="com.testng2.ClassC">
    <skipped/>
  </testcase>
  <testcase name="C1" time="0.0" classname="com.testng2.ClassC">
    <skipped/>
  </testcase>
  <testcase name="C1" time="0.0" classname="com.testng2.ClassC">
    <skipped/>
  </testcase>
  <testcase name="abc" time="0.016" classname="com.testng2.ClassC">
    <skipped/>
  </testcase>
  <testcase name="testMethod1" time="0.0" classname="com.testng2.ClassD"/>
  <testcase name="testMethod2" time="0.0" classname="com.testng2.ClassD"/>
  <testcase name="testMethod3" time="0.0" classname="com.testng2.ClassD"/>
  <testcase name="testMethod4" time="0.0" classname="com.testng2.ClassD"/>
  <testcase name="B1" time="0.0" classname="com.testng1.ClassB"/>
  <testcase name="B3" time="0.0" classname="com.testng1.ClassB"/>
  <testcase name="failedTest" time="0.0" classname="com.testng3.TestReporter"/>
  <testcase name="passedTest" time="0.0" classname="com.testng3.TestReporter">
    <failure type="junit.framework.ComparisonFailure" message="expected:&amp;lt;...&amp;gt; but was:&amp;lt;...i&amp;gt;">
      <![CDATA[junit.framework.ComparisonFailure: expected:<...> but was:<...i>
	at junit.framework.Assert.assertEquals(Assert.java:81)
	at junit.framework.Assert.assertEquals(Assert.java:87)
	at com.testng3.TestReporter.passedTest(TestReporter.java:14)
	at org.apache.maven.surefire.testng.TestNGExecutor.run(TestNGExecutor.java:177)
	at org.apache.maven.surefire.testng.TestNGXmlTestSuite.execute(TestNGXmlTestSuite.java:92)
	at org.apache.maven.surefire.testng.TestNGProvider.invoke(TestNGProvider.java:105)
	at org.apache.maven.surefire.util.ReflectionUtils.invokeMethodWithArray(ReflectionUtils.java:189)
	at org.apache.maven.surefire.booter.ProviderFactory$ProviderProxy.invoke(ProviderFactory.java:165)
	at org.apache.maven.surefire.booter.ProviderFactory.invokeProvider(ProviderFactory.java:85)
	at org.apache.maven.surefire.booter.ForkedBooter.runSuitesInProcess(ForkedBooter.java:103)
	at org.apache.maven.surefire.booter.ForkedBooter.main(ForkedBooter.java:74)
... Removed 25 stack frames]]>
    </failure>
  </testcase>
  <testcase name="passedTest" time="0.0" classname="com.testng3.TestReporter">
    <failure type="junit.framework.ComparisonFailure" message="expected:&amp;lt;...&amp;gt; but was:&amp;lt;...i&amp;gt;">
      <![CDATA[junit.framework.ComparisonFailure: expected:<...> but was:<...i>
	at junit.framework.Assert.assertEquals(Assert.java:81)
	at junit.framework.Assert.assertEquals(Assert.java:87)
	at com.testng3.TestReporter.passedTest(TestReporter.java:14)
	at org.apache.maven.surefire.testng.TestNGExecutor.run(TestNGExecutor.java:177)
	at org.apache.maven.surefire.testng.TestNGXmlTestSuite.execute(TestNGXmlTestSuite.java:92)
	at org.apache.maven.surefire.testng.TestNGProvider.invoke(TestNGProvider.java:105)
	at org.apache.maven.surefire.util.ReflectionUtils.invokeMethodWithArray(ReflectionUtils.java:189)
	at org.apache.maven.surefire.booter.ProviderFactory$ProviderProxy.invoke(ProviderFactory.java:165)
	at org.apache.maven.surefire.booter.ProviderFactory.invokeProvider(ProviderFactory.java:85)
	at org.apache.maven.surefire.booter.ForkedBooter.runSuitesInProcess(ForkedBooter.java:103)
	at org.apache.maven.surefire.booter.ForkedBooter.main(ForkedBooter.java:74)
... Removed 25 stack frames]]>
    </failure>
  </testcase>
  <testcase name="passedTest" time="0.0" classname="com.testng3.TestReporter">
    <failure type="junit.framework.ComparisonFailure" message="expected:&amp;lt;...&amp;gt; but was:&amp;lt;...i&amp;gt;">
      <![CDATA[junit.framework.ComparisonFailure: expected:<...> but was:<...i>
	at junit.framework.Assert.assertEquals(Assert.java:81)
	at junit.framework.Assert.assertEquals(Assert.java:87)
	at com.testng3.TestReporter.passedTest(TestReporter.java:14)
	at org.apache.maven.surefire.testng.TestNGExecutor.run(TestNGExecutor.java:177)
	at org.apache.maven.surefire.testng.TestNGXmlTestSuite.execute(TestNGXmlTestSuite.java:92)
	at org.apache.maven.surefire.testng.TestNGProvider.invoke(TestNGProvider.java:105)
	at org.apache.maven.surefire.util.ReflectionUtils.invokeMethodWithArray(ReflectionUtils.java:189)
	at org.apache.maven.surefire.booter.ProviderFactory$ProviderProxy.invoke(ProviderFactory.java:165)
	at org.apache.maven.surefire.booter.ProviderFactory.invokeProvider(ProviderFactory.java:85)
	at org.apache.maven.surefire.booter.ForkedBooter.runSuitesInProcess(ForkedBooter.java:103)
	at org.apache.maven.surefire.booter.ForkedBooter.main(ForkedBooter.java:74)
... Removed 25 stack frames]]>
    </failure>
  </testcase>
  <testcase name="passedTest" time="0.0" classname="com.testng3.TestReporter">
    <failure type="junit.framework.ComparisonFailure" message="expected:&amp;lt;...&amp;gt; but was:&amp;lt;...i&amp;gt;">
      <![CDATA[junit.framework.ComparisonFailure: expected:<...> but was:<...i>
	at junit.framework.Assert.assertEquals(Assert.java:81)
	at junit.framework.Assert.assertEquals(Assert.java:87)
	at com.testng3.TestReporter.passedTest(TestReporter.java:14)
	at org.apache.maven.surefire.testng.TestNGExecutor.run(TestNGExecutor.java:177)
	at org.apache.maven.surefire.testng.TestNGXmlTestSuite.execute(TestNGXmlTestSuite.java:92)
	at org.apache.maven.surefire.testng.TestNGProvider.invoke(TestNGProvider.java:105)
	at org.apache.maven.surefire.util.ReflectionUtils.invokeMethodWithArray(ReflectionUtils.java:189)
	at org.apache.maven.surefire.booter.ProviderFactory$ProviderProxy.invoke(ProviderFactory.java:165)
	at org.apache.maven.surefire.booter.ProviderFactory.invokeProvider(ProviderFactory.java:85)
	at org.apache.maven.surefire.booter.ForkedBooter.runSuitesInProcess(ForkedBooter.java:103)
	at org.apache.maven.surefire.booter.ForkedBooter.main(ForkedBooter.java:74)
... Removed 25 stack frames]]>
    </failure>
  </testcase>
  <testcase name="passedTest" time="0.0" classname="com.testng3.TestReporter">
    <failure type="junit.framework.ComparisonFailure" message="expected:&amp;lt;...&amp;gt; but was:&amp;lt;...i&amp;gt;">
      <![CDATA[junit.framework.ComparisonFailure: expected:<...> but was:<...i>
	at junit.framework.Assert.assertEquals(Assert.java:81)
	at junit.framework.Assert.assertEquals(Assert.java:87)
	at com.testng3.TestReporter.passedTest(TestReporter.java:14)
	at org.apache.maven.surefire.testng.TestNGExecutor.run(TestNGExecutor.java:177)
	at org.apache.maven.surefire.testng.TestNGXmlTestSuite.execute(TestNGXmlTestSuite.java:92)
	at org.apache.maven.surefire.testng.TestNGProvider.invoke(TestNGProvider.java:105)
	at org.apache.maven.surefire.util.ReflectionUtils.invokeMethodWithArray(ReflectionUtils.java:189)
	at org.apache.maven.surefire.booter.ProviderFactory$ProviderProxy.invoke(ProviderFactory.java:165)
	at org.apache.maven.surefire.booter.ProviderFactory.invokeProvider(ProviderFactory.java:85)
	at org.apache.maven.surefire.booter.ForkedBooter.runSuitesInProcess(ForkedBooter.java:103)
	at org.apache.maven.surefire.booter.ForkedBooter.main(ForkedBooter.java:74)
... Removed 25 stack frames]]>
    </failure>
  </testcase>
  <testcase name="passedTest" time="0.0" classname="com.testng3.TestReporter">
    <failure type="junit.framework.ComparisonFailure" message="expected:&amp;lt;...&amp;gt; but was:&amp;lt;...i&amp;gt;">
      <![CDATA[junit.framework.ComparisonFailure: expected:<...> but was:<...i>
	at junit.framework.Assert.assertEquals(Assert.java:81)
	at junit.framework.Assert.assertEquals(Assert.java:87)
	at com.testng3.TestReporter.passedTest(TestReporter.java:14)
	at org.apache.maven.surefire.testng.TestNGExecutor.run(TestNGExecutor.java:177)
	at org.apache.maven.surefire.testng.TestNGXmlTestSuite.execute(TestNGXmlTestSuite.java:92)
	at org.apache.maven.surefire.testng.TestNGProvider.invoke(TestNGProvider.java:105)
	at org.apache.maven.surefire.util.ReflectionUtils.invokeMethodWithArray(ReflectionUtils.java:189)
	at org.apache.maven.surefire.booter.ProviderFactory$ProviderProxy.invoke(ProviderFactory.java:165)
	at org.apache.maven.surefire.booter.ProviderFactory.invokeProvider(ProviderFactory.java:85)
	at org.apache.maven.surefire.booter.ForkedBooter.runSuitesInProcess(ForkedBooter.java:103)
	at org.apache.maven.surefire.booter.ForkedBooter.main(ForkedBooter.java:74)
... Removed 25 stack frames]]>
    </failure>
  </testcase>
  <testcase name="passedTest" time="0.0" classname="com.testng3.TestReporter">
    <failure type="junit.framework.ComparisonFailure" message="expected:&amp;lt;...&amp;gt; but was:&amp;lt;...i&amp;gt;">
      <![CDATA[junit.framework.ComparisonFailure: expected:<...> but was:<...i>
	at junit.framework.Assert.assertEquals(Assert.java:81)
	at junit.framework.Assert.assertEquals(Assert.java:87)
	at com.testng3.TestReporter.passedTest(TestReporter.java:14)
	at org.apache.maven.surefire.testng.TestNGExecutor.run(TestNGExecutor.java:177)
	at org.apache.maven.surefire.testng.TestNGXmlTestSuite.execute(TestNGXmlTestSuite.java:92)
	at org.apache.maven.surefire.testng.TestNGProvider.invoke(TestNGProvider.java:105)
	at org.apache.maven.surefire.util.ReflectionUtils.invokeMethodWithArray(ReflectionUtils.java:189)
	at org.apache.maven.surefire.booter.ProviderFactory$ProviderProxy.invoke(ProviderFactory.java:165)
	at org.apache.maven.surefire.booter.ProviderFactory.invokeProvider(ProviderFactory.java:85)
	at org.apache.maven.surefire.booter.ForkedBooter.runSuitesInProcess(ForkedBooter.java:103)
	at org.apache.maven.surefire.booter.ForkedBooter.main(ForkedBooter.java:74)
... Removed 25 stack frames]]>
    </failure>
  </testcase>
  <testcase name="passedTest" time="0.0" classname="com.testng3.TestReporter">
    <failure type="junit.framework.ComparisonFailure" message="expected:&amp;lt;...&amp;gt; but was:&amp;lt;...i&amp;gt;">
      <![CDATA[junit.framework.ComparisonFailure: expected:<...> but was:<...i>
	at junit.framework.Assert.assertEquals(Assert.java:81)
	at junit.framework.Assert.assertEquals(Assert.java:87)
	at com.testng3.TestReporter.passedTest(TestReporter.java:14)
	at org.apache.maven.surefire.testng.TestNGExecutor.run(TestNGExecutor.java:177)
	at org.apache.maven.surefire.testng.TestNGXmlTestSuite.execute(TestNGXmlTestSuite.java:92)
	at org.apache.maven.surefire.testng.TestNGProvider.invoke(TestNGProvider.java:105)
	at org.apache.maven.surefire.util.ReflectionUtils.invokeMethodWithArray(ReflectionUtils.java:189)
	at org.apache.maven.surefire.booter.ProviderFactory$ProviderProxy.invoke(ProviderFactory.java:165)
	at org.apache.maven.surefire.booter.ProviderFactory.invokeProvider(ProviderFactory.java:85)
	at org.apache.maven.surefire.booter.ForkedBooter.runSuitesInProcess(ForkedBooter.java:103)
	at org.apache.maven.surefire.booter.ForkedBooter.main(ForkedBooter.java:74)
... Removed 25 stack frames]]>
    </failure>
  </testcase>
  <testcase name="passedTest" time="0.0" classname="com.testng3.TestReporter">
    <failure type="junit.framework.ComparisonFailure" message="expected:&amp;lt;...&amp;gt; but was:&amp;lt;...i&amp;gt;">
      <![CDATA[junit.framework.ComparisonFailure: expected:<...> but was:<...i>
	at junit.framework.Assert.assertEquals(Assert.java:81)
	at junit.framework.Assert.assertEquals(Assert.java:87)
	at com.testng3.TestReporter.passedTest(TestReporter.java:14)
	at org.apache.maven.surefire.testng.TestNGExecutor.run(TestNGExecutor.java:177)
	at org.apache.maven.surefire.testng.TestNGXmlTestSuite.execute(TestNGXmlTestSuite.java:92)
	at org.apache.maven.surefire.testng.TestNGProvider.invoke(TestNGProvider.java:105)
	at org.apache.maven.surefire.util.ReflectionUtils.invokeMethodWithArray(ReflectionUtils.java:189)
	at org.apache.maven.surefire.booter.ProviderFactory$ProviderProxy.invoke(ProviderFactory.java:165)
	at org.apache.maven.surefire.booter.ProviderFactory.invokeProvider(ProviderFactory.java:85)
	at org.apache.maven.surefire.booter.ForkedBooter.runSuitesInProcess(ForkedBooter.java:103)
	at org.apache.maven.surefire.booter.ForkedBooter.main(ForkedBooter.java:74)
... Removed 25 stack frames]]>
    </failure>
  </testcase>
  <testcase name="passedTest" time="0.0" classname="com.testng3.TestReporter">
    <failure type="junit.framework.ComparisonFailure" message="expected:&amp;lt;...&amp;gt; but was:&amp;lt;...i&amp;gt;">
      <![CDATA[junit.framework.ComparisonFailure: expected:<...> but was:<...i>
	at junit.framework.Assert.assertEquals(Assert.java:81)
	at junit.framework.Assert.assertEquals(Assert.java:87)
	at com.testng3.TestReporter.passedTest(TestReporter.java:14)
	at org.apache.maven.surefire.testng.TestNGExecutor.run(TestNGExecutor.java:177)
	at org.apache.maven.surefire.testng.TestNGXmlTestSuite.execute(TestNGXmlTestSuite.java:92)
	at org.apache.maven.surefire.testng.TestNGProvider.invoke(TestNGProvider.java:105)
	at org.apache.maven.surefire.util.ReflectionUtils.invokeMethodWithArray(ReflectionUtils.java:189)
	at org.apache.maven.surefire.booter.ProviderFactory$ProviderProxy.invoke(ProviderFactory.java:165)
	at org.apache.maven.surefire.booter.ProviderFactory.invokeProvider(ProviderFactory.java:85)
	at org.apache.maven.surefire.booter.ForkedBooter.runSuitesInProcess(ForkedBooter.java:103)
	at org.apache.maven.surefire.booter.ForkedBooter.main(ForkedBooter.java:74)
... Removed 25 stack frames]]>
    </failure>
  </testcase>
  <testcase name="skipTest" time="0.0" classname="com.testng3.TestReporter">
    <skipped/>
  </testcase>
  <testcase name="abc" time="0.015" classname="com.testng3.ClassLevelAnnotation"/>
  <testcase name="abc" time="0.015" classname="com.testng3.ClassLevelAnnotation"/>
  <testcase name="abc" time="0.015" classname="com.testng3.ClassLevelAnnotation"/>
  <testcase name="abc" time="0.0" classname="com.testng3.ClassLevelAnnotation"/>
  <testcase name="abc" time="0.0" classname="com.testng3.ClassLevelAnnotation"/>
  <testcase name="abc" time="0.0" classname="com.testng3.ClassLevelAnnotation"/>
  <testcase name="abc" time="0.0" classname="com.testng3.ClassLevelAnnotation"/>
  <testcase name="abc" time="0.0" classname="com.testng3.ClassLevelAnnotation"/>
  <testcase name="abc" time="0.0" classname="com.testng3.ClassLevelAnnotation"/>
  <testcase name="abc" time="0.0" classname="com.testng3.ClassLevelAnnotation"/>
  <testcase name="xyz" time="0.016" classname="com.testng3.ClassLevelAnnotation"/>
  <testcase name="xyz" time="0.0" classname="com.testng3.ClassLevelAnnotation"/>
  <testcase name="xyz" time="0.0" classname="com.testng3.ClassLevelAnnotation"/>
  <testcase name="xyz" time="0.016" classname="com.testng3.ClassLevelAnnotation"/>
  <testcase name="xyz" time="0.016" classname="com.testng3.ClassLevelAnnotation"/>
  <testcase name="xyz" time="0.0" classname="com.testng3.ClassLevelAnnotation"/>
  <testcase name="xyz" time="0.0" classname="com.testng3.ClassLevelAnnotation"/>
  <testcase name="xyz" time="0.0" classname="com.testng3.ClassLevelAnnotation"/>
  <testcase name="xyz" time="0.0" classname="com.testng3.ClassLevelAnnotation"/>
  <testcase name="xyz" time="0.0" classname="com.testng3.ClassLevelAnnotation"/>
  <testcase name="abc" time="0.0" classname="com.testng2.ClassE"/>
  <testcase name="b" time="0.0" classname="com.testng2.ClassE"/>
  <testcase name="testingOne" time="0.0" classname="com.testng.test.Annotations"/>
  <testcase name="testingThree" time="0.0" classname="com.testng.test.Annotations"/>
  <testcase name="testingTwo" time="0.0" classname="com.testng.test.Annotations"/>
  <testcase name="def" time="0.0" classname="com.testng2.ClassE"/>
  <testcase name="xyz" time="0.0" classname="com.testng3.Parameterization"/>
  <testcase name="xyz" time="0.0" classname="com.testng3.Parameterization"/>
  <testcase name="testServer" time="0.0" classname="com.testng.factory.TestClass"/>
  <testcase name="testServer" time="0.0" classname="com.testng.factory.TestClass"/>
  <testcase name="testServer" time="0.0" classname="com.testng.factory.TestClass"/>
  <testcase name="F" time="0.0" classname="com.testng2.ClassF"/>
  <testcase name="F" time="0.0" classname="com.testng2.ClassF"/>
  <testcase name="F" time="0.0" classname="com.testng2.ClassF"/>
  <testcase name="F" time="0.0" classname="com.testng2.ClassF"/>
  <testcase name="F" time="0.0" classname="com.testng2.ClassF"/>
  <testcase name="F" time="0.0" classname="com.testng2.ClassF"/>
  <testcase name="F" time="0.0" classname="com.testng2.ClassF"/>
  <testcase name="F" time="0.0" classname="com.testng2.ClassF"/>
  <testcase name="F" time="0.0" classname="com.testng2.ClassF"/>
  <testcase name="F" time="0.0" classname="com.testng2.ClassF"/>
</testsuite>
