<?xml version="1.0" encoding="UTF-8" ?>
<testsuite failures="11" time="0.394" errors="0" skipped="12" tests="97" name="TestSuite">
  <properties>
    <property name="java.runtime.name" value="Java(TM) SE Runtime Environment"/>
    <property name="sun.boot.library.path" value="C:\Program Files\Java\jdk1.7.0_09\jre\bin"/>
    <property name="java.vm.version" value="23.5-b02"/>
    <property name="java.vm.vendor" value="Oracle Corporation"/>
    <property name="java.vendor.url" value="http://java.oracle.com/"/>
    <property name="path.separator" value=";"/>
    <property name="java.vm.name" value="Java HotSpot(TM) 64-Bit Server VM"/>
    <property name="file.encoding.pkg" value="sun.io"/>
    <property name="user.script" value=""/>
    <property name="user.country" value="US"/>
    <property name="sun.java.launcher" value="SUN_STANDARD"/>
    <property name="sun.os.patch.level" value="Service Pack 1"/>
    <property name="java.vm.specification.name" value="Java Virtual Machine Specification"/>
    <property name="user.dir" value="C:\workspace-indigo\TestNG"/>
    <property name="java.runtime.version" value="1.7.0_09-b05"/>
    <property name="java.awt.graphicsenv" value="sun.awt.Win32GraphicsEnvironment"/>
    <property name="java.endorsed.dirs" value="C:\Program Files\Java\jdk1.7.0_09\jre\lib\endorsed"/>
    <property name="os.arch" value="amd64"/>
    <property name="java.io.tmpdir" value="C:\Users\Robin\AppData\Local\Temp\"/>
    <property name="line.separator" value="
"/>
    <property name="java.vm.specification.vendor" value="Oracle Corporation"/>
    <property name="user.variant" value=""/>
    <property name="os.name" value="Windows 7"/>
    <property name="classworlds.conf" value="C:\RVS\Setups\apache-maven-2.2.1-bin\apache-maven-2.2.1\bin\m2.conf"/>
    <property name="sun.jnu.encoding" value="Cp1252"/>
    <property name="java.library.path" value="C:\Program Files\Java\jdk1.7.0_09\bin;C:\Windows\Sun\Java\bin;C:\Windows\system32;C:\Windows;C:\Program Files\Dell\DW WLAN Card;C:\Windows\system32;C:\Windows;C:\Windows\System32\Wbem;C:\Windows\System32\WindowsPowerShell\v1.0\;C:\RVS\Setups\apache-ant-1.8.4-bin\apache-ant-1.8.4\bin;C:\Program Files\Java\jdk1.7.0_09\bin;C:\Program Files\Java\jre7\bin;C:\RVS\Setups\apache-maven-2.2.1-bin\apache-maven-2.2.1\bin;C:\RVS\Setups\apache-maven-2.2.1-bin\apache-maven-2.2.1\bin;."/>
    <property name="java.specification.name" value="Java Platform API Specification"/>
    <property name="java.class.version" value="51.0"/>
    <property name="sun.management.compiler" value="HotSpot 64-Bit Tiered Compilers"/>
    <property name="os.version" value="6.1"/>
    <property name="user.home" value="C:\Users\Robin"/>
    <property name="user.timezone" value="Asia/Calcutta"/>
    <property name="java.awt.printerjob" value="sun.awt.windows.WPrinterJob"/>
    <property name="file.encoding" value="Cp1252"/>
    <property name="java.specification.version" value="1.7"/>
    <property name="user.name" value="Robin"/>
    <property name="java.class.path" value="C:\RVS\Setups\apache-maven-2.2.1-bin\apache-maven-2.2.1\boot\classworlds-1.1.jar"/>
    <property name="java.vm.specification.version" value="1.7"/>
    <property name="sun.arch.data.model" value="64"/>
    <property name="java.home" value="C:\Program Files\Java\jdk1.7.0_09\jre"/>
    <property name="sun.java.command" value="org.codehaus.classworlds.Launcher test"/>
    <property name="java.specification.vendor" value="Oracle Corporation"/>
    <property name="user.language" value="en"/>
    <property name="awt.toolkit" value="sun.awt.windows.WToolkit"/>
    <property name="java.vm.info" value="mixed mode"/>
    <property name="java.version" value="1.7.0_09"/>
    <property name="java.ext.dirs" value="C:\Program Files\Java\jdk1.7.0_09\jre\lib\ext;C:\Windows\Sun\Java\lib\ext"/>
    <property name="sun.boot.class.path" value="C:\Program Files\Java\jdk1.7.0_09\jre\lib\resources.jar;C:\Program Files\Java\jdk1.7.0_09\jre\lib\rt.jar;C:\Program Files\Java\jdk1.7.0_09\jre\lib\sunrsasign.jar;C:\Program Files\Java\jdk1.7.0_09\jre\lib\jsse.jar;C:\Program Files\Java\jdk1.7.0_09\jre\lib\jce.jar;C:\Program Files\Java\jdk1.7.0_09\jre\lib\charsets.jar;C:\Program Files\Java\jdk1.7.0_09\jre\lib\jfr.jar;C:\Program Files\Java\jdk1.7.0_09\jre\classes"/>
    <property name="java.vendor" value="Oracle Corporation"/>
    <property name="maven.home" value="C:\RVS\Setups\apache-maven-2.2.1-bin\apache-maven-2.2.1"/>
    <property name="file.separator" value="\"/>
    <property name="java.vendor.url.bug" value="http://bugreport.sun.com/bugreport/"/>
    <property name="sun.cpu.endian" value="little"/>
    <property name="sun.io.unicode.encoding" value="UnicodeLittle"/>
    <property name="sun.desktop" value="windows"/>
    <property name="sun.cpu.isalist" value="amd64"/>
  </properties>
  <testcase time="0" classname="com.testng1.BeanShell" name="abc1"/>
  <testcase time="0.016" classname="com.testng1.BeanShell" name="abc2"/>
  <testcase time="0" classname="com.testng1.BeanShell" name="abc3"/>
  <testcase time="0" classname="com.testng1.ClassA" name="B2"/>
  <testcase time="0" classname="com.testng1.ClassA" name="B3"/>
  <testcase time="0" classname="com.testng1.ClassA" name="B4"/>
  <testcase time="0" classname="com.testng.factory.FactoryClassB" name="Test"/>
  <testcase time="0.015" classname="com.testng.factory.FactoryClassB" name="Test"/>
  <testcase time="0" classname="com.testng.factory.FactoryClassB" name="Test"/>
  <testcase time="0.078" classname="com.testng.factory.FactoryClassB" name="Test"/>
  <testcase time="0.016" classname="com.testng.factory.FactoryClassB" name="Test"/>
  <testcase time="0" classname="com.testng2.ClassG" name="A">
    <failure message="expected:&lt;0&gt; but was:&lt;1&gt;" type="java.lang.AssertionError">java.lang.AssertionError: expected:&lt;0&gt; but was:&lt;1&gt;
	at org.testng.Assert.fail(Assert.java:89)
	at org.testng.Assert.failNotEquals(Assert.java:489)
	at org.testng.Assert.assertEquals(Assert.java:118)
	at org.testng.Assert.assertEquals(Assert.java:365)
	at org.testng.Assert.assertEquals(Assert.java:375)
	at com.testng2.ClassG.A(ClassG.java:12)
</failure>
    <system-out>Printing A
Fail
</system-out>
  </testcase>
  <testcase time="0" classname="com.testng2.ClassG" name="B"/>
  <testcase time="0" classname="com.testng2.ClassJ" name="check"/>
  <testcase time="0" classname="com.testng2.ClassJ" name="check"/>
  <testcase time="0.016" classname="com.testng2.ClassJ" name="check"/>
  <testcase time="0" classname="com.testng2.ClassJ" name="check"/>
  <testcase time="0" classname="com.testng2.ClassJ" name="check"/>
  <testcase time="0" classname="com.testng2.ClassJ" name="check"/>
  <testcase time="0" classname="com.testng2.ClassJ" name="check"/>
  <testcase time="0" classname="com.testng2.ClassJ" name="check"/>
  <testcase time="0" classname="com.testng2.ClassJ" name="check"/>
  <testcase time="0.015" classname="com.testng2.ClassJ" name="check"/>
  <testcase time="0" classname="com.testng2.ClassL" name="verifyData1"/>
  <testcase time="0" classname="com.testng2.ClassL" name="verifyData1"/>
  <testcase time="0" classname="com.testng2.ClassL" name="verifyData1"/>
  <testcase time="0" classname="com.testng2.ClassL" name="verifyData1"/>
  <testcase time="0" classname="com.testng2.ClassC" name="C1">
    <skipped/>
  </testcase>
  <testcase time="0" classname="com.testng2.ClassC" name="C1">
    <skipped/>
  </testcase>
  <testcase time="0.016" classname="com.testng2.ClassC" name="C1">
    <skipped/>
  </testcase>
  <testcase time="0.016" classname="com.testng2.ClassC" name="C1">
    <skipped/>
  </testcase>
  <testcase time="0.016" classname="com.testng2.ClassC" name="C1">
    <skipped/>
  </testcase>
  <testcase time="0.016" classname="com.testng2.ClassC" name="C1">
    <skipped/>
  </testcase>
  <testcase time="0.016" classname="com.testng2.ClassC" name="C1">
    <skipped/>
  </testcase>
  <testcase time="0.016" classname="com.testng2.ClassC" name="C1">
    <skipped/>
  </testcase>
  <testcase time="0.016" classname="com.testng2.ClassC" name="C1">
    <skipped/>
  </testcase>
  <testcase time="0.016" classname="com.testng2.ClassC" name="C1">
    <skipped/>
  </testcase>
  <testcase time="0.016" classname="com.testng2.ClassC" name="abc">
    <skipped/>
  </testcase>
  <testcase time="0" classname="com.testng2.ClassD" name="testMethod1"/>
  <testcase time="0" classname="com.testng2.ClassD" name="testMethod2"/>
  <testcase time="0" classname="com.testng2.ClassD" name="testMethod3"/>
  <testcase time="0.015" classname="com.testng2.ClassD" name="testMethod4"/>
  <testcase time="0" classname="com.testng1.ClassB" name="B1"/>
  <testcase time="0" classname="com.testng1.ClassB" name="B3"/>
  <testcase time="0" classname="com.testng3.TestReporter" name="failedTest"/>
  <testcase time="0" classname="com.testng3.TestReporter" name="passedTest">
    <failure message="expected:&lt;...&gt; but was:&lt;...i&gt;" type="junit.framework.ComparisonFailure">junit.framework.ComparisonFailure: expected:&lt;...&gt; but was:&lt;...i&gt;
	at junit.framework.Assert.assertEquals(Assert.java:81)
	at junit.framework.Assert.assertEquals(Assert.java:87)
	at com.testng3.TestReporter.passedTest(TestReporter.java:14)
</failure>
    <system-out>Fail
</system-out>
  </testcase>
  <testcase time="0" classname="com.testng3.TestReporter" name="passedTest">
    <failure message="expected:&lt;...&gt; but was:&lt;...i&gt;" type="junit.framework.ComparisonFailure">junit.framework.ComparisonFailure: expected:&lt;...&gt; but was:&lt;...i&gt;
	at junit.framework.Assert.assertEquals(Assert.java:81)
	at junit.framework.Assert.assertEquals(Assert.java:87)
	at com.testng3.TestReporter.passedTest(TestReporter.java:14)
</failure>
    <system-out>Fail
</system-out>
  </testcase>
  <testcase time="0" classname="com.testng3.TestReporter" name="passedTest">
    <failure message="expected:&lt;...&gt; but was:&lt;...i&gt;" type="junit.framework.ComparisonFailure">junit.framework.ComparisonFailure: expected:&lt;...&gt; but was:&lt;...i&gt;
	at junit.framework.Assert.assertEquals(Assert.java:81)
	at junit.framework.Assert.assertEquals(Assert.java:87)
	at com.testng3.TestReporter.passedTest(TestReporter.java:14)
</failure>
    <system-out>Fail
</system-out>
  </testcase>
  <testcase time="0" classname="com.testng3.TestReporter" name="passedTest">
    <failure message="expected:&lt;...&gt; but was:&lt;...i&gt;" type="junit.framework.ComparisonFailure">junit.framework.ComparisonFailure: expected:&lt;...&gt; but was:&lt;...i&gt;
	at junit.framework.Assert.assertEquals(Assert.java:81)
	at junit.framework.Assert.assertEquals(Assert.java:87)
	at com.testng3.TestReporter.passedTest(TestReporter.java:14)
</failure>
    <system-out>Fail
</system-out>
  </testcase>
  <testcase time="0" classname="com.testng3.TestReporter" name="passedTest">
    <failure message="expected:&lt;...&gt; but was:&lt;...i&gt;" type="junit.framework.ComparisonFailure">junit.framework.ComparisonFailure: expected:&lt;...&gt; but was:&lt;...i&gt;
	at junit.framework.Assert.assertEquals(Assert.java:81)
	at junit.framework.Assert.assertEquals(Assert.java:87)
	at com.testng3.TestReporter.passedTest(TestReporter.java:14)
</failure>
    <system-out>Fail
</system-out>
  </testcase>
  <testcase time="0" classname="com.testng3.TestReporter" name="passedTest">
    <failure message="expected:&lt;...&gt; but was:&lt;...i&gt;" type="junit.framework.ComparisonFailure">junit.framework.ComparisonFailure: expected:&lt;...&gt; but was:&lt;...i&gt;
	at junit.framework.Assert.assertEquals(Assert.java:81)
	at junit.framework.Assert.assertEquals(Assert.java:87)
	at com.testng3.TestReporter.passedTest(TestReporter.java:14)
</failure>
    <system-out>Fail
</system-out>
  </testcase>
  <testcase time="0" classname="com.testng3.TestReporter" name="passedTest">
    <failure message="expected:&lt;...&gt; but was:&lt;...i&gt;" type="junit.framework.ComparisonFailure">junit.framework.ComparisonFailure: expected:&lt;...&gt; but was:&lt;...i&gt;
	at junit.framework.Assert.assertEquals(Assert.java:81)
	at junit.framework.Assert.assertEquals(Assert.java:87)
	at com.testng3.TestReporter.passedTest(TestReporter.java:14)
</failure>
    <system-out>Fail
</system-out>
  </testcase>
  <testcase time="0" classname="com.testng3.TestReporter" name="passedTest">
    <failure message="expected:&lt;...&gt; but was:&lt;...i&gt;" type="junit.framework.ComparisonFailure">junit.framework.ComparisonFailure: expected:&lt;...&gt; but was:&lt;...i&gt;
	at junit.framework.Assert.assertEquals(Assert.java:81)
	at junit.framework.Assert.assertEquals(Assert.java:87)
	at com.testng3.TestReporter.passedTest(TestReporter.java:14)
</failure>
    <system-out>Fail
</system-out>
  </testcase>
  <testcase time="0" classname="com.testng3.TestReporter" name="passedTest">
    <failure message="expected:&lt;...&gt; but was:&lt;...i&gt;" type="junit.framework.ComparisonFailure">junit.framework.ComparisonFailure: expected:&lt;...&gt; but was:&lt;...i&gt;
	at junit.framework.Assert.assertEquals(Assert.java:81)
	at junit.framework.Assert.assertEquals(Assert.java:87)
	at com.testng3.TestReporter.passedTest(TestReporter.java:14)
</failure>
    <system-out>Fail
</system-out>
  </testcase>
  <testcase time="0" classname="com.testng3.TestReporter" name="passedTest">
    <failure message="expected:&lt;...&gt; but was:&lt;...i&gt;" type="junit.framework.ComparisonFailure">junit.framework.ComparisonFailure: expected:&lt;...&gt; but was:&lt;...i&gt;
	at junit.framework.Assert.assertEquals(Assert.java:81)
	at junit.framework.Assert.assertEquals(Assert.java:87)
	at com.testng3.TestReporter.passedTest(TestReporter.java:14)
</failure>
    <system-out>Fail
</system-out>
  </testcase>
  <testcase time="0.016" classname="com.testng3.TestReporter" name="skipTest">
    <skipped/>
  </testcase>
  <testcase time="0" classname="com.testng3.ClassLevelAnnotation" name="abc"/>
  <testcase time="0" classname="com.testng3.ClassLevelAnnotation" name="abc"/>
  <testcase time="0" classname="com.testng3.ClassLevelAnnotation" name="abc"/>
  <testcase time="0.016" classname="com.testng3.ClassLevelAnnotation" name="abc"/>
  <testcase time="0" classname="com.testng3.ClassLevelAnnotation" name="abc"/>
  <testcase time="0" classname="com.testng3.ClassLevelAnnotation" name="abc"/>
  <testcase time="0" classname="com.testng3.ClassLevelAnnotation" name="abc"/>
  <testcase time="0" classname="com.testng3.ClassLevelAnnotation" name="abc"/>
  <testcase time="0" classname="com.testng3.ClassLevelAnnotation" name="abc"/>
  <testcase time="0.015" classname="com.testng3.ClassLevelAnnotation" name="abc"/>
  <testcase time="0" classname="com.testng3.ClassLevelAnnotation" name="xyz"/>
  <testcase time="0" classname="com.testng3.ClassLevelAnnotation" name="xyz"/>
  <testcase time="0" classname="com.testng3.ClassLevelAnnotation" name="xyz"/>
  <testcase time="0" classname="com.testng3.ClassLevelAnnotation" name="xyz"/>
  <testcase time="0" classname="com.testng3.ClassLevelAnnotation" name="xyz"/>
  <testcase time="0" classname="com.testng3.ClassLevelAnnotation" name="xyz"/>
  <testcase time="0" classname="com.testng3.ClassLevelAnnotation" name="xyz"/>
  <testcase time="0" classname="com.testng3.ClassLevelAnnotation" name="xyz"/>
  <testcase time="0.016" classname="com.testng3.ClassLevelAnnotation" name="xyz"/>
  <testcase time="0" classname="com.testng3.ClassLevelAnnotation" name="xyz"/>
  <testcase time="0" classname="com.testng2.ClassE" name="abc"/>
  <testcase time="0" classname="com.testng2.ClassE" name="b"/>
  <testcase time="0" classname="com.testng.test.Annotations" name="testingOne"/>
  <testcase time="0" classname="com.testng.test.Annotations" name="testingThree"/>
  <testcase time="0" classname="com.testng.test.Annotations" name="testingTwo"/>
  <testcase time="0" classname="com.testng2.ClassE" name="def"/>
  <testcase time="0" classname="com.testng3.Parameterization" name="xyz"/>
  <testcase time="0" classname="com.testng3.Parameterization" name="xyz"/>
  <testcase time="0.016" classname="com.testng.factory.TestClass" name="testServer"/>
  <testcase time="0" classname="com.testng.factory.TestClass" name="testServer"/>
  <testcase time="0" classname="com.testng.factory.TestClass" name="testServer"/>
  <testcase time="0" classname="com.testng2.ClassF" name="F"/>
  <testcase time="0" classname="com.testng2.ClassF" name="F"/>
  <testcase time="0" classname="com.testng2.ClassF" name="F"/>
  <testcase time="0" classname="com.testng2.ClassF" name="F"/>
  <testcase time="0" classname="com.testng2.ClassF" name="F"/>
  <testcase time="0" classname="com.testng2.ClassF" name="F"/>
  <testcase time="0" classname="com.testng2.ClassF" name="F"/>
  <testcase time="0" classname="com.testng2.ClassF" name="F"/>
  <testcase time="0" classname="com.testng2.ClassF" name="F"/>
  <testcase time="0" classname="com.testng2.ClassF" name="F"/>
</testsuite>